{"/home/travis/build/npmtest/node-npmtest-node-cassandra-cql/test.js":{"path":"/home/travis/build/npmtest/node-npmtest-node-cassandra-cql/test.js","s":{"1":2,"2":2,"3":2,"4":2,"5":2,"6":2,"7":2,"8":1,"9":2,"10":2,"11":1,"12":1,"13":1,"14":1,"15":2,"16":2,"17":2,"18":2,"19":1,"20":1,"21":2,"22":2,"23":2,"24":1,"25":1,"26":1,"27":1,"28":1,"29":1,"30":1,"31":1,"32":1,"33":1,"34":1,"35":1,"36":1,"37":1,"38":1,"39":2,"40":2,"41":1,"42":2,"43":2,"44":1,"45":2,"46":2,"47":1,"48":2,"49":2,"50":1,"51":1,"52":1,"53":1,"54":1},"b":{"1":[2,1,1,1],"2":[1,1,1,1],"3":[1,1],"4":[1,1],"5":[1,1],"6":[1,1],"7":[1,1],"8":[1,1],"9":[1,1],"10":[1,1,1],"11":[1,1],"12":[1,1],"13":[1,1],"14":[1,1],"15":[1,1],"16":[1,1],"17":[1,1]},"f":{"1":2,"2":2,"3":2,"4":2,"5":2,"6":1,"7":1,"8":1,"9":2,"10":2,"11":2,"12":2,"13":1},"fnMap":{"1":{"name":"(anonymous_1)","line":12,"loc":{"start":{"line":12,"column":1},"end":{"line":12,"column":13}}},"2":{"name":"(anonymous_2)","line":19,"loc":{"start":{"line":19,"column":5},"end":{"line":19,"column":17}}},"3":{"name":"(anonymous_3)","line":23,"loc":{"start":{"line":23,"column":24},"end":{"line":23,"column":36}}},"4":{"name":"(anonymous_4)","line":61,"loc":{"start":{"line":61,"column":5},"end":{"line":61,"column":17}}},"5":{"name":"(anonymous_5)","line":82,"loc":{"start":{"line":82,"column":5},"end":{"line":82,"column":17}}},"6":{"name":"(anonymous_6)","line":91,"loc":{"start":{"line":91,"column":77},"end":{"line":94,"column":10}}},"7":{"name":"(anonymous_7)","line":112,"loc":{"start":{"line":112,"column":83},"end":{"line":115,"column":10}},"skip":true},"8":{"name":"(anonymous_8)","line":123,"loc":{"start":{"line":123,"column":77},"end":{"line":126,"column":10}},"skip":true},"9":{"name":"(anonymous_9)","line":139,"loc":{"start":{"line":139,"column":12},"end":{"line":139,"column":40}},"skip":true},"10":{"name":"(anonymous_10)","line":147,"loc":{"start":{"line":147,"column":77},"end":{"line":150,"column":10}},"skip":true},"11":{"name":"(anonymous_11)","line":158,"loc":{"start":{"line":158,"column":83},"end":{"line":161,"column":10}},"skip":true},"12":{"name":"(anonymous_12)","line":169,"loc":{"start":{"line":169,"column":79},"end":{"line":172,"column":10}},"skip":true},"13":{"name":"(anonymous_13)","line":180,"loc":{"start":{"line":180,"column":75},"end":{"line":183,"column":10}},"skip":true}},"statementMap":{"1":{"start":{"line":12,"column":0},"end":{"line":195,"column":5}},"2":{"start":{"line":14,"column":4},"end":{"line":14,"column":14}},"3":{"start":{"line":19,"column":4},"end":{"line":56,"column":9}},"4":{"start":{"line":21,"column":8},"end":{"line":21,"column":19}},"5":{"start":{"line":23,"column":8},"end":{"line":35,"column":13}},"6":{"start":{"line":24,"column":12},"end":{"line":34,"column":13}},"7":{"start":{"line":25,"column":16},"end":{"line":28,"column":30}},"8":{"start":{"line":30,"column":16},"end":{"line":33,"column":27}},"9":{"start":{"line":37,"column":8},"end":{"line":39,"column":21}},"10":{"start":{"line":40,"column":8},"end":{"line":53,"column":9}},"11":{"start":{"line":43,"column":12},"end":{"line":46,"column":14}},"12":{"start":{"line":47,"column":12},"end":{"line":47,"column":18}},"13":{"start":{"line":50,"column":12},"end":{"line":51,"column":33}},"14":{"start":{"line":52,"column":12},"end":{"line":52,"column":18}},"15":{"start":{"line":55,"column":8},"end":{"line":55,"column":35}},"16":{"start":{"line":61,"column":4},"end":{"line":63,"column":9}},"17":{"start":{"line":62,"column":8},"end":{"line":62,"column":15}},"18":{"start":{"line":64,"column":4},"end":{"line":77,"column":5}},"19":{"start":{"line":70,"column":8},"end":{"line":70,"column":14}},"20":{"start":{"line":76,"column":8},"end":{"line":76,"column":14}},"21":{"start":{"line":82,"column":4},"end":{"line":84,"column":9}},"22":{"start":{"line":83,"column":8},"end":{"line":83,"column":15}},"23":{"start":{"line":85,"column":4},"end":{"line":194,"column":5}},"24":{"start":{"line":91,"column":8},"end":{"line":99,"column":10}},"25":{"start":{"line":98,"column":12},"end":{"line":98,"column":35}},"26":{"start":{"line":102,"column":8},"end":{"line":104,"column":63}},"27":{"start":{"line":105,"column":8},"end":{"line":105,"column":14}},"28":{"start":{"line":112,"column":8},"end":{"line":121,"column":10},"skip":true},"29":{"start":{"line":119,"column":12},"end":{"line":119,"column":55},"skip":true},"30":{"start":{"line":120,"column":12},"end":{"line":120,"column":48},"skip":true},"31":{"start":{"line":123,"column":8},"end":{"line":136,"column":10},"skip":true},"32":{"start":{"line":130,"column":12},"end":{"line":130,"column":76},"skip":true},"33":{"start":{"line":131,"column":12},"end":{"line":131,"column":73},"skip":true},"34":{"start":{"line":132,"column":12},"end":{"line":132,"column":74},"skip":true},"35":{"start":{"line":133,"column":12},"end":{"line":133,"column":79},"skip":true},"36":{"start":{"line":134,"column":12},"end":{"line":134,"column":25},"skip":true},"37":{"start":{"line":135,"column":12},"end":{"line":135,"column":45},"skip":true},"38":{"start":{"line":138,"column":8},"end":{"line":145,"column":14},"skip":true},"39":{"start":{"line":143,"column":16},"end":{"line":143,"column":29},"skip":true},"40":{"start":{"line":144,"column":16},"end":{"line":144,"column":55},"skip":true},"41":{"start":{"line":147,"column":8},"end":{"line":156,"column":10},"skip":true},"42":{"start":{"line":154,"column":12},"end":{"line":154,"column":25},"skip":true},"43":{"start":{"line":155,"column":12},"end":{"line":155,"column":45},"skip":true},"44":{"start":{"line":158,"column":8},"end":{"line":167,"column":10},"skip":true},"45":{"start":{"line":165,"column":12},"end":{"line":165,"column":25},"skip":true},"46":{"start":{"line":166,"column":12},"end":{"line":166,"column":48},"skip":true},"47":{"start":{"line":169,"column":8},"end":{"line":178,"column":10},"skip":true},"48":{"start":{"line":176,"column":12},"end":{"line":176,"column":25},"skip":true},"49":{"start":{"line":177,"column":12},"end":{"line":177,"column":46},"skip":true},"50":{"start":{"line":180,"column":8},"end":{"line":189,"column":10},"skip":true},"51":{"start":{"line":187,"column":12},"end":{"line":187,"column":94},"skip":true},"52":{"start":{"line":188,"column":12},"end":{"line":188,"column":48},"skip":true},"53":{"start":{"line":192,"column":8},"end":{"line":192,"column":35},"skip":true},"54":{"start":{"line":193,"column":8},"end":{"line":193,"column":14},"skip":true}},"branchMap":{"1":{"line":25,"type":"binary-expr","locations":[{"start":{"line":25,"column":23},"end":{"line":25,"column":62}},{"start":{"line":26,"column":20},"end":{"line":26,"column":70}},{"start":{"line":27,"column":20},"end":{"line":27,"column":71}},{"start":{"line":28,"column":20},"end":{"line":28,"column":29}}]},"2":{"line":30,"type":"binary-expr","locations":[{"start":{"line":30,"column":23},"end":{"line":30,"column":37}},{"start":{"line":31,"column":20},"end":{"line":31,"column":61}},{"start":{"line":32,"column":20},"end":{"line":32,"column":70}},{"start":{"line":33,"column":20},"end":{"line":33,"column":26}}]},"3":{"line":37,"type":"cond-expr","locations":[{"start":{"line":38,"column":14},"end":{"line":38,"column":20}},{"start":{"line":39,"column":14},"end":{"line":39,"column":20}}]},"4":{"line":40,"type":"switch","locations":[{"start":{"line":42,"column":8},"end":{"line":47,"column":18}},{"start":{"line":49,"column":8},"end":{"line":52,"column":18}}]},"5":{"line":44,"type":"binary-expr","locations":[{"start":{"line":44,"column":16},"end":{"line":44,"column":44}},{"start":{"line":44,"column":48},"end":{"line":44,"column":66}}]},"6":{"line":50,"type":"binary-expr","locations":[{"start":{"line":50,"column":21},"end":{"line":50,"column":49}},{"start":{"line":50,"column":53},"end":{"line":50,"column":72}}]},"7":{"line":64,"type":"switch","locations":[{"start":{"line":69,"column":4},"end":{"line":70,"column":14}},{"start":{"line":75,"column":4},"end":{"line":76,"column":14}}]},"8":{"line":85,"type":"switch","locations":[{"start":{"line":90,"column":4},"end":{"line":105,"column":14}},{"start":{"line":111,"column":4},"end":{"line":193,"column":14},"skip":true}]},"9":{"line":91,"type":"binary-expr","locations":[{"start":{"line":91,"column":42},"end":{"line":91,"column":73}},{"start":{"line":91,"column":77},"end":{"line":99,"column":9}}]},"10":{"line":102,"type":"binary-expr","locations":[{"start":{"line":102,"column":18},"end":{"line":102,"column":32}},{"start":{"line":103,"column":12},"end":{"line":103,"column":53}},{"start":{"line":104,"column":12},"end":{"line":104,"column":61}}]},"11":{"line":112,"type":"binary-expr","locations":[{"start":{"line":112,"column":45},"end":{"line":112,"column":79},"skip":true},{"start":{"line":112,"column":83},"end":{"line":121,"column":9},"skip":true}]},"12":{"line":123,"type":"binary-expr","locations":[{"start":{"line":123,"column":42},"end":{"line":123,"column":73},"skip":true},{"start":{"line":123,"column":77},"end":{"line":136,"column":9},"skip":true}]},"13":{"line":138,"type":"binary-expr","locations":[{"start":{"line":138,"column":48},"end":{"line":138,"column":85},"skip":true},{"start":{"line":139,"column":12},"end":{"line":145,"column":13},"skip":true}]},"14":{"line":147,"type":"binary-expr","locations":[{"start":{"line":147,"column":42},"end":{"line":147,"column":73},"skip":true},{"start":{"line":147,"column":77},"end":{"line":156,"column":9},"skip":true}]},"15":{"line":158,"type":"binary-expr","locations":[{"start":{"line":158,"column":45},"end":{"line":158,"column":79},"skip":true},{"start":{"line":158,"column":83},"end":{"line":167,"column":9},"skip":true}]},"16":{"line":169,"type":"binary-expr","locations":[{"start":{"line":169,"column":43},"end":{"line":169,"column":75},"skip":true},{"start":{"line":169,"column":79},"end":{"line":178,"column":9},"skip":true}]},"17":{"line":180,"type":"binary-expr","locations":[{"start":{"line":180,"column":41},"end":{"line":180,"column":71},"skip":true},{"start":{"line":180,"column":75},"end":{"line":189,"column":9},"skip":true}]}},"code":["/* istanbul instrument in package npmtest_node_cassandra_cql */","/*jslint","    bitwise: true,","    browser: true,","    maxerr: 8,","    maxlen: 96,","    node: true,","    nomen: true,","    regexp: true,","    stupid: true","*/","(function () {","    'use strict';","    var local;","","","","    // run shared js-env code - pre-init","    (function () {","        // init local","        local = {};","        // init modeJs","        local.modeJs = (function () {","            try {","                return typeof navigator.userAgent === 'string' &&","                    typeof document.querySelector('body') === 'object' &&","                    typeof XMLHttpRequest.prototype.open === 'function' &&","                    'browser';","            } catch (errorCaughtBrowser) {","                return module.exports &&","                    typeof process.versions.node === 'string' &&","                    typeof require('http').createServer === 'function' &&","                    'node';","            }","        }());","        // init global","        local.global = local.modeJs === 'browser'","            ? window","            : global;","        switch (local.modeJs) {","        // re-init local from window.local","        case 'browser':","            local = local.global.utility2.objectSetDefault(","                local.global.utility2_rollup || local.global.local,","                local.global.utility2","            );","            break;","        // re-init local from example.js","        case 'node':","            local = (local.global.utility2_rollup || require('utility2'))","                .requireReadme();","            break;","        }","        // export local","        local.global.local = local;","    }());","","","","    // run shared js-env code - function","    (function () {","        return;","    }());","    switch (local.modeJs) {","","","","    // run browser js-env code - function","    case 'browser':","        break;","","","","    // run node js-env code - function","    case 'node':","        break;","    }","","","","    // run shared js-env code - post-init","    (function () {","        return;","    }());","    switch (local.modeJs) {","","","","    // run browser js-env code - post-init","    case 'browser':","        local.testCase_browser_nullCase = local.testCase_browser_nullCase || function (","            options,","            onError","        ) {","        /*","         * this function will test browsers's null-case handling-behavior-behavior","         */","            onError(null, options);","        };","","        // run tests","        local.nop(local.modeTest &&","            document.querySelector('#testRunButton1') &&","            document.querySelector('#testRunButton1').click());","        break;","","","","    // run node js-env code - post-init","    /* istanbul ignore next */","    case 'node':","        local.testCase_buildApidoc_default = local.testCase_buildApidoc_default || function (","            options,","            onError","        ) {","        /*","         * this function will test buildApidoc's default handling-behavior-behavior","         */","            options = { modulePathList: module.paths };","            local.buildApidoc(options, onError);","        };","","        local.testCase_buildApp_default = local.testCase_buildApp_default || function (","            options,","            onError","        ) {","        /*","         * this function will test buildApp's default handling-behavior-behavior","         */","            local.testCase_buildReadme_default(options, local.onErrorThrow);","            local.testCase_buildLib_default(options, local.onErrorThrow);","            local.testCase_buildTest_default(options, local.onErrorThrow);","            local.testCase_buildCustomOrg_default(options, local.onErrorThrow);","            options = [];","            local.buildApp(options, onError);","        };","","        local.testCase_buildCustomOrg_default = local.testCase_buildCustomOrg_default ||","            function (options, onError) {","            /*","             * this function will test buildCustomOrg's default handling-behavior","             */","                options = {};","                local.buildCustomOrg(options, onError);","            };","","        local.testCase_buildLib_default = local.testCase_buildLib_default || function (","            options,","            onError","        ) {","        /*","         * this function will test buildLib's default handling-behavior","         */","            options = {};","            local.buildLib(options, onError);","        };","","        local.testCase_buildReadme_default = local.testCase_buildReadme_default || function (","            options,","            onError","        ) {","        /*","         * this function will test buildReadme's default handling-behavior-behavior","         */","            options = {};","            local.buildReadme(options, onError);","        };","","        local.testCase_buildTest_default = local.testCase_buildTest_default || function (","            options,","            onError","        ) {","        /*","         * this function will test buildTest's default handling-behavior","         */","            options = {};","            local.buildTest(options, onError);","        };","","        local.testCase_webpage_default = local.testCase_webpage_default || function (","            options,","            onError","        ) {","        /*","         * this function will test webpage's default handling-behavior","         */","            options = { modeCoverageMerge: true, url: local.serverLocalHost + '?modeTest=1' };","            local.browserTest(options, onError);","        };","","        // run test-server","        local.testRunServer(local);","        break;","    }","}());",""],"l":{"12":2,"14":2,"19":2,"21":2,"23":2,"24":2,"25":2,"30":1,"37":2,"40":2,"43":1,"47":1,"50":1,"52":1,"55":2,"61":2,"62":2,"64":2,"70":1,"76":1,"82":2,"83":2,"85":2,"91":1,"98":1,"102":1,"105":1,"112":1,"119":1,"120":1,"123":1,"130":1,"131":1,"132":1,"133":1,"134":1,"135":1,"138":1,"143":2,"144":2,"147":1,"154":2,"155":2,"158":1,"165":2,"166":2,"169":1,"176":2,"177":2,"180":1,"187":1,"188":1,"192":1,"193":1}},"/home/travis/build/npmtest/node-npmtest-node-cassandra-cql/lib.npmtest_node_cassandra_cql.js":{"path":"/home/travis/build/npmtest/node-npmtest-node-cassandra-cql/lib.npmtest_node_cassandra_cql.js","s":{"1":2,"2":2,"3":2,"4":2,"5":2,"6":2,"7":2,"8":1,"9":2,"10":2,"11":2,"12":2,"13":1,"14":1,"15":1,"16":1},"b":{"1":[2,1,1,1],"2":[1,1,1,1],"3":[1,1],"4":[2,2],"5":[1,1]},"f":{"1":2,"2":2,"3":2},"fnMap":{"1":{"name":"(anonymous_1)","line":12,"loc":{"start":{"line":12,"column":1},"end":{"line":12,"column":13}}},"2":{"name":"(anonymous_2)","line":19,"loc":{"start":{"line":19,"column":5},"end":{"line":19,"column":17}}},"3":{"name":"(anonymous_3)","line":23,"loc":{"start":{"line":23,"column":24},"end":{"line":23,"column":36}}}},"statementMap":{"1":{"start":{"line":12,"column":0},"end":{"line":53,"column":5}},"2":{"start":{"line":14,"column":4},"end":{"line":14,"column":14}},"3":{"start":{"line":19,"column":4},"end":{"line":52,"column":9}},"4":{"start":{"line":21,"column":8},"end":{"line":21,"column":19}},"5":{"start":{"line":23,"column":8},"end":{"line":35,"column":13}},"6":{"start":{"line":24,"column":12},"end":{"line":34,"column":13}},"7":{"start":{"line":25,"column":16},"end":{"line":28,"column":30}},"8":{"start":{"line":30,"column":16},"end":{"line":33,"column":27}},"9":{"start":{"line":37,"column":8},"end":{"line":39,"column":21}},"10":{"start":{"line":41,"column":8},"end":{"line":41,"column":54}},"11":{"start":{"line":43,"column":8},"end":{"line":43,"column":63}},"12":{"start":{"line":45,"column":8},"end":{"line":51,"column":9}},"13":{"start":{"line":46,"column":12},"end":{"line":46,"column":69}},"14":{"start":{"line":48,"column":12},"end":{"line":48,"column":35}},"15":{"start":{"line":49,"column":12},"end":{"line":49,"column":49}},"16":{"start":{"line":50,"column":12},"end":{"line":50,"column":43}}},"branchMap":{"1":{"line":25,"type":"binary-expr","locations":[{"start":{"line":25,"column":23},"end":{"line":25,"column":62}},{"start":{"line":26,"column":20},"end":{"line":26,"column":70}},{"start":{"line":27,"column":20},"end":{"line":27,"column":71}},{"start":{"line":28,"column":20},"end":{"line":28,"column":29}}]},"2":{"line":30,"type":"binary-expr","locations":[{"start":{"line":30,"column":23},"end":{"line":30,"column":37}},{"start":{"line":31,"column":20},"end":{"line":31,"column":61}},{"start":{"line":32,"column":20},"end":{"line":32,"column":70}},{"start":{"line":33,"column":20},"end":{"line":33,"column":26}}]},"3":{"line":37,"type":"cond-expr","locations":[{"start":{"line":38,"column":14},"end":{"line":38,"column":20}},{"start":{"line":39,"column":14},"end":{"line":39,"column":20}}]},"4":{"line":41,"type":"binary-expr","locations":[{"start":{"line":41,"column":16},"end":{"line":41,"column":44}},{"start":{"line":41,"column":48},"end":{"line":41,"column":53}}]},"5":{"line":45,"type":"if","locations":[{"start":{"line":45,"column":8},"end":{"line":45,"column":8}},{"start":{"line":45,"column":8},"end":{"line":45,"column":8}}]}},"code":["/* istanbul instrument in package npmtest_node_cassandra_cql */","/*jslint","    bitwise: true,","    browser: true,","    maxerr: 8,","    maxlen: 96,","    node: true,","    nomen: true,","    regexp: true,","    stupid: true","*/","(function () {","    'use strict';","    var local;","","","","    // run shared js-env code - pre-init","    (function () {","        // init local","        local = {};","        // init modeJs","        local.modeJs = (function () {","            try {","                return typeof navigator.userAgent === 'string' &&","                    typeof document.querySelector('body') === 'object' &&","                    typeof XMLHttpRequest.prototype.open === 'function' &&","                    'browser';","            } catch (errorCaughtBrowser) {","                return module.exports &&","                    typeof process.versions.node === 'string' &&","                    typeof require('http').createServer === 'function' &&","                    'node';","            }","        }());","        // init global","        local.global = local.modeJs === 'browser'","            ? window","            : global;","        // init utility2_rollup","        local = local.global.utility2_rollup || local;","        // init lib","        local.local = local.npmtest_node_cassandra_cql = local;","        // init exports","        if (local.modeJs === 'browser') {","            local.global.utility2_npmtest_node_cassandra_cql = local;","        } else {","            module.exports = local;","            module.exports.__dirname = __dirname;","            module.exports.module = module;","        }","    }());","}());",""],"l":{"12":2,"14":2,"19":2,"21":2,"23":2,"24":2,"25":2,"30":1,"37":2,"41":2,"43":2,"45":2,"46":1,"48":1,"49":1,"50":1}},"/home/travis/build/npmtest/node-npmtest-node-cassandra-cql/example.js":{"path":"/home/travis/build/npmtest/node-npmtest-node-cassandra-cql/example.js","s":{"1":2,"2":2,"3":2,"4":2,"5":2,"6":2,"7":2,"8":1,"9":2,"10":2,"11":2,"12":2,"13":1,"14":2,"15":2,"16":2,"17":2,"18":2,"19":0,"20":2,"21":1,"22":1,"23":1,"24":1,"25":1,"26":0,"27":0,"28":1,"29":1,"30":2,"31":0,"32":0,"33":0,"34":1,"35":2,"36":2,"37":3,"38":3,"39":3,"40":3,"41":0,"42":3,"43":3,"44":3,"45":1,"46":3,"47":1,"48":1,"49":1,"50":1,"51":1,"52":1,"53":1,"54":1,"55":1,"56":1,"57":0,"58":1,"59":6,"60":6,"61":1,"62":2,"63":0,"64":2,"65":1,"66":1,"67":0,"68":0,"69":0,"70":0,"71":0,"72":0,"73":0,"74":0,"75":0,"76":0,"77":0,"78":0,"79":0,"80":0,"81":0,"82":0,"83":0},"b":{"1":[2,1,1,1],"2":[1,1,1,1],"3":[1,1],"4":[2,2],"5":[1,1],"6":[1,1],"7":[2,0],"8":[2,1,1,1,1,1],"9":[0,2,0],"10":[1,1],"11":[2,1,1],"12":[1,0],"13":[0,2],"14":[2,0,0,0,0,0,0],"15":[0,3],"16":[3,0],"17":[1,1],"18":[0,1],"19":[1,2,0,2],"20":[1,0],"21":[1,1],"22":[0,0],"23":[0,0],"24":[0,0],"25":[0,0],"26":[0,0],"27":[0,0],"28":[0,0]},"f":{"1":2,"2":2,"3":2,"4":2,"5":2,"6":2,"7":3,"8":3,"9":3,"10":1,"11":6,"12":0},"fnMap":{"1":{"name":"(anonymous_1)","line":26,"loc":{"start":{"line":26,"column":1},"end":{"line":26,"column":13}}},"2":{"name":"(anonymous_2)","line":33,"loc":{"start":{"line":33,"column":5},"end":{"line":33,"column":17}}},"3":{"name":"(anonymous_3)","line":37,"loc":{"start":{"line":37,"column":24},"end":{"line":37,"column":36}}},"4":{"name":"(anonymous_4)","line":69,"loc":{"start":{"line":69,"column":31},"end":{"line":69,"column":48}},"skip":true},"5":{"name":"(anonymous_5)","line":78,"loc":{"start":{"line":78,"column":26},"end":{"line":78,"column":45}},"skip":true},"6":{"name":"(anonymous_6)","line":123,"loc":{"start":{"line":123,"column":33},"end":{"line":123,"column":48}},"skip":true},"7":{"name":"(anonymous_7)","line":125,"loc":{"start":{"line":125,"column":27},"end":{"line":125,"column":39}},"skip":true},"8":{"name":"(anonymous_8)","line":133,"loc":{"start":{"line":133,"column":59},"end":{"line":133,"column":74}},"skip":true},"9":{"name":"(anonymous_9)","line":143,"loc":{"start":{"line":143,"column":45},"end":{"line":143,"column":62}},"skip":true},"10":{"name":"(anonymous_10)","line":144,"loc":{"start":{"line":144,"column":73},"end":{"line":144,"column":92}},"skip":true},"11":{"name":"(anonymous_11)","line":272,"loc":{"start":{"line":272,"column":51},"end":{"line":272,"column":77}},"skip":true},"12":{"name":"(anonymous_12)","line":315,"loc":{"start":{"line":315,"column":32},"end":{"line":315,"column":61}},"skip":true}},"statementMap":{"1":{"start":{"line":26,"column":0},"end":{"line":326,"column":5}},"2":{"start":{"line":28,"column":4},"end":{"line":28,"column":14}},"3":{"start":{"line":33,"column":4},"end":{"line":60,"column":9}},"4":{"start":{"line":35,"column":8},"end":{"line":35,"column":19}},"5":{"start":{"line":37,"column":8},"end":{"line":49,"column":13}},"6":{"start":{"line":38,"column":12},"end":{"line":48,"column":13}},"7":{"start":{"line":39,"column":16},"end":{"line":42,"column":30}},"8":{"start":{"line":44,"column":16},"end":{"line":47,"column":27}},"9":{"start":{"line":51,"column":8},"end":{"line":53,"column":21}},"10":{"start":{"line":55,"column":8},"end":{"line":57,"column":45}},"11":{"start":{"line":59,"column":8},"end":{"line":59,"column":35}},"12":{"start":{"line":61,"column":4},"end":{"line":325,"column":5}},"13":{"start":{"line":69,"column":8},"end":{"line":121,"column":10},"skip":true},"14":{"start":{"line":70,"column":12},"end":{"line":88,"column":13},"skip":true},"15":{"start":{"line":76,"column":16},"end":{"line":87,"column":19},"skip":true},"16":{"start":{"line":79,"column":20},"end":{"line":86,"column":21},"skip":true},"17":{"start":{"line":82,"column":24},"end":{"line":82,"column":43},"skip":true},"18":{"start":{"line":83,"column":24},"end":{"line":83,"column":30},"skip":true},"19":{"start":{"line":85,"column":24},"end":{"line":85,"column":49},"skip":true},"20":{"start":{"line":89,"column":12},"end":{"line":107,"column":13},"skip":true},"21":{"start":{"line":92,"column":16},"end":{"line":102,"column":17},"skip":true},"22":{"start":{"line":93,"column":20},"end":{"line":93,"column":86},"skip":true},"23":{"start":{"line":94,"column":20},"end":{"line":95,"column":45},"skip":true},"24":{"start":{"line":96,"column":20},"end":{"line":96,"column":42},"skip":true},"25":{"start":{"line":97,"column":20},"end":{"line":97,"column":48},"skip":true},"26":{"start":{"line":100,"column":20},"end":{"line":100,"column":85},"skip":true},"27":{"start":{"line":101,"column":20},"end":{"line":101,"column":96},"skip":true},"28":{"start":{"line":103,"column":16},"end":{"line":103,"column":22},"skip":true},"29":{"start":{"line":106,"column":16},"end":{"line":106,"column":22},"skip":true},"30":{"start":{"line":108,"column":12},"end":{"line":120,"column":13},"skip":true},"31":{"start":{"line":114,"column":16},"end":{"line":119,"column":17},"skip":true},"32":{"start":{"line":116,"column":20},"end":{"line":116,"column":78},"skip":true},"33":{"start":{"line":118,"column":20},"end":{"line":118,"column":47},"skip":true},"34":{"start":{"line":123,"column":8},"end":{"line":141,"column":11},"skip":true},"35":{"start":{"line":124,"column":12},"end":{"line":124,"column":54},"skip":true},"36":{"start":{"line":125,"column":12},"end":{"line":140,"column":14},"skip":true},"37":{"start":{"line":126,"column":16},"end":{"line":126,"column":28},"skip":true},"38":{"start":{"line":127,"column":16},"end":{"line":127,"column":69},"skip":true},"39":{"start":{"line":128,"column":16},"end":{"line":128,"column":75},"skip":true},"40":{"start":{"line":129,"column":16},"end":{"line":131,"column":17},"skip":true},"41":{"start":{"line":130,"column":20},"end":{"line":130,"column":27},"skip":true},"42":{"start":{"line":133,"column":16},"end":{"line":137,"column":36},"skip":true},"43":{"start":{"line":134,"column":20},"end":{"line":136,"column":55},"skip":true},"44":{"start":{"line":139,"column":16},"end":{"line":139,"column":57},"skip":true},"45":{"start":{"line":143,"column":8},"end":{"line":147,"column":11},"skip":true},"46":{"start":{"line":144,"column":12},"end":{"line":146,"column":15},"skip":true},"47":{"start":{"line":145,"column":16},"end":{"line":145,"column":70},"skip":true},"48":{"start":{"line":149,"column":8},"end":{"line":149,"column":31},"skip":true},"49":{"start":{"line":150,"column":8},"end":{"line":150,"column":14},"skip":true},"50":{"start":{"line":158,"column":8},"end":{"line":158,"column":31},"skip":true},"51":{"start":{"line":160,"column":8},"end":{"line":160,"column":33},"skip":true},"52":{"start":{"line":161,"column":8},"end":{"line":161,"column":37},"skip":true},"53":{"start":{"line":162,"column":8},"end":{"line":162,"column":35},"skip":true},"54":{"start":{"line":164,"column":8},"end":{"line":164,"column":50},"skip":true},"55":{"start":{"line":166,"column":8},"end":{"line":256,"column":2},"skip":true},"56":{"start":{"line":258,"column":8},"end":{"line":286,"column":9},"skip":true},"57":{"start":{"line":259,"column":12},"end":{"line":269,"column":14},"skip":true},"58":{"start":{"line":271,"column":12},"end":{"line":285,"column":19},"skip":true},"59":{"start":{"line":274,"column":20},"end":{"line":274,"column":35},"skip":true},"60":{"start":{"line":275,"column":20},"end":{"line":284,"column":21},"skip":true},"61":{"start":{"line":277,"column":24},"end":{"line":277,"column":64},"skip":true},"62":{"start":{"line":279,"column":24},"end":{"line":279,"column":40},"skip":true},"63":{"start":{"line":281,"column":24},"end":{"line":281,"column":40},"skip":true},"64":{"start":{"line":283,"column":24},"end":{"line":283,"column":39},"skip":true},"65":{"start":{"line":288,"column":8},"end":{"line":290,"column":9},"skip":true},"66":{"start":{"line":289,"column":12},"end":{"line":289,"column":18},"skip":true},"67":{"start":{"line":291,"column":8},"end":{"line":293,"column":54},"skip":true},"68":{"start":{"line":296,"column":8},"end":{"line":301,"column":37},"skip":true},"69":{"start":{"line":303,"column":8},"end":{"line":303,"column":82},"skip":true},"70":{"start":{"line":306,"column":8},"end":{"line":308,"column":9},"skip":true},"71":{"start":{"line":307,"column":12},"end":{"line":307,"column":82},"skip":true},"72":{"start":{"line":310,"column":8},"end":{"line":312,"column":9},"skip":true},"73":{"start":{"line":311,"column":12},"end":{"line":311,"column":18},"skip":true},"74":{"start":{"line":313,"column":8},"end":{"line":313,"column":54},"skip":true},"75":{"start":{"line":314,"column":8},"end":{"line":314,"column":69},"skip":true},"76":{"start":{"line":315,"column":8},"end":{"line":323,"column":36},"skip":true},"77":{"start":{"line":316,"column":12},"end":{"line":316,"column":61},"skip":true},"78":{"start":{"line":317,"column":12},"end":{"line":320,"column":13},"skip":true},"79":{"start":{"line":318,"column":16},"end":{"line":318,"column":75},"skip":true},"80":{"start":{"line":319,"column":16},"end":{"line":319,"column":23},"skip":true},"81":{"start":{"line":321,"column":12},"end":{"line":321,"column":38},"skip":true},"82":{"start":{"line":322,"column":12},"end":{"line":322,"column":27},"skip":true},"83":{"start":{"line":324,"column":8},"end":{"line":324,"column":14},"skip":true}},"branchMap":{"1":{"line":39,"type":"binary-expr","locations":[{"start":{"line":39,"column":23},"end":{"line":39,"column":62}},{"start":{"line":40,"column":20},"end":{"line":40,"column":70}},{"start":{"line":41,"column":20},"end":{"line":41,"column":71}},{"start":{"line":42,"column":20},"end":{"line":42,"column":29}}]},"2":{"line":44,"type":"binary-expr","locations":[{"start":{"line":44,"column":23},"end":{"line":44,"column":37}},{"start":{"line":45,"column":20},"end":{"line":45,"column":61}},{"start":{"line":46,"column":20},"end":{"line":46,"column":70}},{"start":{"line":47,"column":20},"end":{"line":47,"column":26}}]},"3":{"line":51,"type":"cond-expr","locations":[{"start":{"line":52,"column":14},"end":{"line":52,"column":20}},{"start":{"line":53,"column":14},"end":{"line":53,"column":20}}]},"4":{"line":55,"type":"binary-expr","locations":[{"start":{"line":55,"column":16},"end":{"line":55,"column":44}},{"start":{"line":55,"column":49},"end":{"line":57,"column":43}}]},"5":{"line":55,"type":"cond-expr","locations":[{"start":{"line":56,"column":14},"end":{"line":56,"column":62}},{"start":{"line":57,"column":14},"end":{"line":57,"column":43}}]},"6":{"line":61,"type":"switch","locations":[{"start":{"line":68,"column":4},"end":{"line":150,"column":14},"skip":true},{"start":{"line":156,"column":4},"end":{"line":324,"column":14},"skip":true}]},"7":{"line":70,"type":"if","locations":[{"start":{"line":70,"column":12},"end":{"line":70,"column":12},"skip":true},{"start":{"line":70,"column":12},"end":{"line":70,"column":12},"skip":true}]},"8":{"line":70,"type":"binary-expr","locations":[{"start":{"line":70,"column":16},"end":{"line":70,"column":22},"skip":true},{"start":{"line":70,"column":27},"end":{"line":70,"column":32},"skip":true},{"start":{"line":71,"column":20},"end":{"line":71,"column":39},"skip":true},{"start":{"line":72,"column":20},"end":{"line":72,"column":49},"skip":true},{"start":{"line":73,"column":20},"end":{"line":73,"column":58},"skip":true},{"start":{"line":74,"column":20},"end":{"line":74,"column":69},"skip":true}]},"9":{"line":79,"type":"switch","locations":[{"start":{"line":80,"column":20},"end":{"line":80,"column":33},"skip":true},{"start":{"line":81,"column":20},"end":{"line":83,"column":30},"skip":true},{"start":{"line":84,"column":20},"end":{"line":85,"column":49},"skip":true}]},"10":{"line":89,"type":"switch","locations":[{"start":{"line":90,"column":12},"end":{"line":103,"column":22},"skip":true},{"start":{"line":105,"column":12},"end":{"line":106,"column":22},"skip":true}]},"11":{"line":89,"type":"binary-expr","locations":[{"start":{"line":89,"column":20},"end":{"line":89,"column":25},"skip":true},{"start":{"line":89,"column":29},"end":{"line":89,"column":48},"skip":true},{"start":{"line":89,"column":52},"end":{"line":89,"column":74},"skip":true}]},"12":{"line":92,"type":"if","locations":[{"start":{"line":92,"column":16},"end":{"line":92,"column":16},"skip":true},{"start":{"line":92,"column":16},"end":{"line":92,"column":16},"skip":true}]},"13":{"line":108,"type":"if","locations":[{"start":{"line":108,"column":12},"end":{"line":108,"column":12},"skip":true},{"start":{"line":108,"column":12},"end":{"line":108,"column":12},"skip":true}]},"14":{"line":108,"type":"binary-expr","locations":[{"start":{"line":108,"column":16},"end":{"line":108,"column":61},"skip":true},{"start":{"line":108,"column":66},"end":{"line":108,"column":72},"skip":true},{"start":{"line":108,"column":77},"end":{"line":108,"column":82},"skip":true},{"start":{"line":109,"column":20},"end":{"line":109,"column":39},"skip":true},{"start":{"line":110,"column":20},"end":{"line":110,"column":49},"skip":true},{"start":{"line":111,"column":20},"end":{"line":111,"column":58},"skip":true},{"start":{"line":112,"column":20},"end":{"line":112,"column":68},"skip":true}]},"15":{"line":129,"type":"if","locations":[{"start":{"line":129,"column":16},"end":{"line":129,"column":16},"skip":true},{"start":{"line":129,"column":16},"end":{"line":129,"column":16},"skip":true}]},"16":{"line":134,"type":"cond-expr","locations":[{"start":{"line":135,"column":26},"end":{"line":135,"column":29},"skip":true},{"start":{"line":136,"column":26},"end":{"line":136,"column":54},"skip":true}]},"17":{"line":164,"type":"binary-expr","locations":[{"start":{"line":164,"column":27},"end":{"line":164,"column":43},"skip":true},{"start":{"line":164,"column":47},"end":{"line":164,"column":49},"skip":true}]},"18":{"line":258,"type":"if","locations":[{"start":{"line":258,"column":8},"end":{"line":258,"column":8},"skip":true},{"start":{"line":258,"column":8},"end":{"line":258,"column":8},"skip":true}]},"19":{"line":275,"type":"switch","locations":[{"start":{"line":276,"column":20},"end":{"line":277,"column":64},"skip":true},{"start":{"line":278,"column":20},"end":{"line":279,"column":40},"skip":true},{"start":{"line":280,"column":20},"end":{"line":281,"column":40},"skip":true},{"start":{"line":282,"column":20},"end":{"line":283,"column":39},"skip":true}]},"20":{"line":288,"type":"if","locations":[{"start":{"line":288,"column":8},"end":{"line":288,"column":8},"skip":true},{"start":{"line":288,"column":8},"end":{"line":288,"column":8},"skip":true}]},"21":{"line":288,"type":"binary-expr","locations":[{"start":{"line":288,"column":12},"end":{"line":288,"column":40},"skip":true},{"start":{"line":288,"column":44},"end":{"line":288,"column":67},"skip":true}]},"22":{"line":292,"type":"binary-expr","locations":[{"start":{"line":292,"column":12},"end":{"line":292,"column":50},"skip":true},{"start":{"line":293,"column":12},"end":{"line":293,"column":53},"skip":true}]},"23":{"line":297,"type":"binary-expr","locations":[{"start":{"line":297,"column":12},"end":{"line":297,"column":76},"skip":true},{"start":{"line":298,"column":12},"end":{"line":301,"column":36},"skip":true}]},"24":{"line":303,"type":"binary-expr","locations":[{"start":{"line":303,"column":43},"end":{"line":303,"column":75},"skip":true},{"start":{"line":303,"column":79},"end":{"line":303,"column":81},"skip":true}]},"25":{"line":306,"type":"if","locations":[{"start":{"line":306,"column":8},"end":{"line":306,"column":8},"skip":true},{"start":{"line":306,"column":8},"end":{"line":306,"column":8},"skip":true}]},"26":{"line":310,"type":"if","locations":[{"start":{"line":310,"column":8},"end":{"line":310,"column":8},"skip":true},{"start":{"line":310,"column":8},"end":{"line":310,"column":8},"skip":true}]},"27":{"line":313,"type":"binary-expr","locations":[{"start":{"line":313,"column":27},"end":{"line":313,"column":43},"skip":true},{"start":{"line":313,"column":47},"end":{"line":313,"column":53},"skip":true}]},"28":{"line":317,"type":"if","locations":[{"start":{"line":317,"column":12},"end":{"line":317,"column":12},"skip":true},{"start":{"line":317,"column":12},"end":{"line":317,"column":12},"skip":true}]}},"code":["/*","example.js","","quickstart example","","instruction","    1. save this script as example.js","    2. run the shell command:","        $ npm install npmtest-node-cassandra-cql && PORT=8081 node example.js","    3. play with the browser-demo on http://127.0.0.1:8081","*/","","","","/* istanbul instrument in package npmtest_node_cassandra_cql */","/*jslint","    bitwise: true,","    browser: true,","    maxerr: 8,","    maxlen: 96,","    node: true,","    nomen: true,","    regexp: true,","    stupid: true","*/","(function () {","    'use strict';","    var local;","","","","    // run shared js-env code - pre-init","    (function () {","        // init local","        local = {};","        // init modeJs","        local.modeJs = (function () {","            try {","                return typeof navigator.userAgent === 'string' &&","                    typeof document.querySelector('body') === 'object' &&","                    typeof XMLHttpRequest.prototype.open === 'function' &&","                    'browser';","            } catch (errorCaughtBrowser) {","                return module.exports &&","                    typeof process.versions.node === 'string' &&","                    typeof require('http').createServer === 'function' &&","                    'node';","            }","        }());","        // init global","        local.global = local.modeJs === 'browser'","            ? window","            : global;","        // init utility2_rollup","        local = local.global.utility2_rollup || (local.modeJs === 'browser'","            ? local.global.utility2_npmtest_node_cassandra_cql","            : global.utility2_moduleExports);","        // export local","        local.global.local = local;","    }());","    switch (local.modeJs) {","","","","    // post-init","    // run browser js-env code - post-init","    /* istanbul ignore next */","    case 'browser':","        local.testRunBrowser = function (event) {","            if (!event || (event &&","                    event.currentTarget &&","                    event.currentTarget.className &&","                    event.currentTarget.className.includes &&","                    event.currentTarget.className.includes('onreset'))) {","                // reset output","                Array.from(","                    document.querySelectorAll('body > .resettable')","                ).forEach(function (element) {","                    switch (element.tagName) {","                    case 'INPUT':","                    case 'TEXTAREA':","                        element.value = '';","                        break;","                    default:","                        element.textContent = '';","                    }","                });","            }","            switch (event && event.currentTarget && event.currentTarget.id) {","            case 'testRunButton1':","                // show tests","                if (document.querySelector('#testReportDiv1').style.display === 'none') {","                    document.querySelector('#testReportDiv1').style.display = 'block';","                    document.querySelector('#testRunButton1').textContent =","                        'hide internal test';","                    local.modeTest = true;","                    local.testRunDefault(local);","                // hide tests","                } else {","                    document.querySelector('#testReportDiv1').style.display = 'none';","                    document.querySelector('#testRunButton1').textContent = 'run internal test';","                }","                break;","            // custom-case","            default:","                break;","            }","            if (document.querySelector('#inputTextareaEval1') && (!event || (event &&","                    event.currentTarget &&","                    event.currentTarget.className &&","                    event.currentTarget.className.includes &&","                    event.currentTarget.className.includes('oneval')))) {","                // try to eval input-code","                try {","                    /*jslint evil: true*/","                    eval(document.querySelector('#inputTextareaEval1').value);","                } catch (errorCaught) {","                    console.error(errorCaught);","                }","            }","        };","        // log stderr and stdout to #outputTextareaStdout1","        ['error', 'log'].forEach(function (key) {","            console[key + '_original'] = console[key];","            console[key] = function () {","                var element;","                console[key + '_original'].apply(console, arguments);","                element = document.querySelector('#outputTextareaStdout1');","                if (!element) {","                    return;","                }","                // append text to #outputTextareaStdout1","                element.value += Array.from(arguments).map(function (arg) {","                    return typeof arg === 'string'","                        ? arg","                        : JSON.stringify(arg, null, 4);","                }).join(' ') + '\\n';","                // scroll textarea to bottom","                element.scrollTop = element.scrollHeight;","            };","        });","        // init event-handling","        ['change', 'click', 'keyup'].forEach(function (event) {","            Array.from(document.querySelectorAll('.on' + event)).forEach(function (element) {","                element.addEventListener(event, local.testRunBrowser);","            });","        });","        // run tests","        local.testRunBrowser();","        break;","","","","    // run node js-env code - post-init","    /* istanbul ignore next */","    case 'node':","        // export local","        module.exports = local;","        // require modules","        local.fs = require('fs');","        local.http = require('http');","        local.url = require('url');","        // init assets","        local.assetsDict = local.assetsDict || {};","        /* jslint-ignore-begin */","        local.assetsDict['/assets.index.template.html'] = '\\","<!doctype html>\\n\\","<html lang=\"en\">\\n\\","<head>\\n\\","<meta charset=\"UTF-8\">\\n\\","<meta name=\"viewport\" content=\"width=device-width, initial-scale=1\">\\n\\","<title>{{env.npm_package_name}} (v{{env.npm_package_version}})</title>\\n\\","<style>\\n\\","/*csslint\\n\\","    box-sizing: false,\\n\\","    universal-selector: false\\n\\","*/\\n\\","* {\\n\\","    box-sizing: border-box;\\n\\","}\\n\\","body {\\n\\","    background: #dde;\\n\\","    font-family: Arial, Helvetica, sans-serif;\\n\\","    margin: 2rem;\\n\\","}\\n\\","body > * {\\n\\","    margin-bottom: 1rem;\\n\\","}\\n\\",".utility2FooterDiv {\\n\\","    margin-top: 20px;\\n\\","    text-align: center;\\n\\","}\\n\\","</style>\\n\\","<style>\\n\\","/*csslint\\n\\","*/\\n\\","textarea {\\n\\","    font-family: monospace;\\n\\","    height: 10rem;\\n\\","    width: 100%;\\n\\","}\\n\\","textarea[readonly] {\\n\\","    background: #ddd;\\n\\","}\\n\\","</style>\\n\\","</head>\\n\\","<body>\\n\\","<!-- utility2-comment\\n\\","<div id=\"ajaxProgressDiv1\" style=\"background: #d00; height: 2px; left: 0; margin: 0; padding: 0; position: fixed; top: 0; transition: background 0.5s, width 1.5s; width: 25%;\"></div>\\n\\","utility2-comment -->\\n\\","<h1>\\n\\","<!-- utility2-comment\\n\\","    <a\\n\\","        {{#if env.npm_package_homepage}}\\n\\","        href=\"{{env.npm_package_homepage}}\"\\n\\","        {{/if env.npm_package_homepage}}\\n\\","        target=\"_blank\"\\n\\","    >\\n\\","utility2-comment -->\\n\\","        {{env.npm_package_name}} (v{{env.npm_package_version}})\\n\\","<!-- utility2-comment\\n\\","    </a>\\n\\","utility2-comment -->\\n\\","</h1>\\n\\","<h3>{{env.npm_package_description}}</h3>\\n\\","<!-- utility2-comment\\n\\","<h4><a download href=\"assets.app.js\">download standalone app</a></h4>\\n\\","<button class=\"onclick onreset\" id=\"testRunButton1\">run internal test</button><br>\\n\\","<div id=\"testReportDiv1\" style=\"display: none;\"></div>\\n\\","utility2-comment -->\\n\\","\\n\\","\\n\\","\\n\\","<label>stderr and stdout</label>\\n\\","<textarea class=\"resettable\" id=\"outputTextareaStdout1\" readonly></textarea>\\n\\","<!-- utility2-comment\\n\\","{{#if isRollup}}\\n\\","<script src=\"assets.app.js\"></script>\\n\\","{{#unless isRollup}}\\n\\","utility2-comment -->\\n\\","<script src=\"assets.utility2.rollup.js\"></script>\\n\\","<script src=\"jsonp.utility2._stateInit?callback=window.utility2._stateInit\"></script>\\n\\","<script src=\"assets.npmtest_node_cassandra_cql.rollup.js\"></script>\\n\\","<script src=\"assets.example.js\"></script>\\n\\","<script src=\"assets.test.js\"></script>\\n\\","<!-- utility2-comment\\n\\","{{/if isRollup}}\\n\\","utility2-comment -->\\n\\","<div class=\"utility2FooterDiv\">\\n\\","    [ this app was created with\\n\\","    <a href=\"https://github.com/kaizhu256/node-utility2\" target=\"_blank\">utility2</a>\\n\\","    ]\\n\\","</div>\\n\\","</body>\\n\\","</html>\\n\\","';","        /* jslint-ignore-end */","        if (local.templateRender) {","            local.assetsDict['/'] = local.templateRender(","                local.assetsDict['/assets.index.template.html'],","                {","                    env: local.objectSetDefault(local.env, {","                        npm_package_description: 'the greatest app in the world!',","                        npm_package_name: 'my-app',","                        npm_package_nameAlias: 'my_app',","                        npm_package_version: '0.0.1'","                    })","                }","            );","        } else {","            local.assetsDict['/'] = local.assetsDict['/assets.index.template.html']","                .replace((/\\{\\{env\\.(\\w+?)\\}\\}/g), function (match0, match1) {","                    // jslint-hack","                    String(match0);","                    switch (match1) {","                    case 'npm_package_description':","                        return 'the greatest app in the world!';","                    case 'npm_package_name':","                        return 'my-app';","                    case 'npm_package_nameAlias':","                        return 'my_app';","                    case 'npm_package_version':","                        return '0.0.1';","                    }","                });","        }","        // run the cli","        if (local.global.utility2_rollup || module !== require.main) {","            break;","        }","        local.assetsDict['/assets.example.js'] =","            local.assetsDict['/assets.example.js'] ||","            local.fs.readFileSync(__filename, 'utf8');","        // bug-workaround - long $npm_package_buildCustomOrg","        /* jslint-ignore-begin */","        local.assetsDict['/assets.npmtest_node_cassandra_cql.rollup.js'] =","            local.assetsDict['/assets.npmtest_node_cassandra_cql.rollup.js'] ||","            local.fs.readFileSync(","                local.npmtest_node_cassandra_cql.__dirname + '/lib.npmtest_node_cassandra_cql.js',","                'utf8'","            ).replace((/^#!/), '//');","        /* jslint-ignore-end */","        local.assetsDict['/favicon.ico'] = local.assetsDict['/favicon.ico'] || '';","        // if $npm_config_timeout_exit exists,","        // then exit this process after $npm_config_timeout_exit ms","        if (Number(process.env.npm_config_timeout_exit)) {","            setTimeout(process.exit, Number(process.env.npm_config_timeout_exit));","        }","        // start server","        if (local.global.utility2_serverHttp1) {","            break;","        }","        process.env.PORT = process.env.PORT || '8081';","        console.error('server starting on port ' + process.env.PORT);","        local.http.createServer(function (request, response) {","            request.urlParsed = local.url.parse(request.url);","            if (local.assetsDict[request.urlParsed.pathname] !== undefined) {","                response.end(local.assetsDict[request.urlParsed.pathname]);","                return;","            }","            response.statusCode = 404;","            response.end();","        }).listen(process.env.PORT);","        break;","    }","}());",""],"l":{"26":2,"28":2,"33":2,"35":2,"37":2,"38":2,"39":2,"44":1,"51":2,"55":2,"59":2,"61":2,"69":1,"70":2,"76":2,"79":2,"82":2,"83":2,"85":1,"89":2,"92":1,"93":1,"94":1,"96":1,"97":1,"100":1,"101":1,"103":1,"106":1,"108":2,"114":1,"116":1,"118":1,"123":1,"124":2,"125":2,"126":3,"127":3,"128":3,"129":3,"130":1,"133":3,"134":3,"139":3,"143":1,"144":3,"145":1,"149":1,"150":1,"158":1,"160":1,"161":1,"162":1,"164":1,"166":1,"258":1,"259":1,"271":1,"274":6,"275":6,"277":1,"279":2,"281":1,"283":2,"288":1,"289":1,"291":1,"296":1,"303":1,"306":1,"307":1,"310":1,"311":1,"313":1,"314":1,"315":1,"316":1,"317":1,"318":1,"319":1,"321":1,"322":1,"324":1}},"/home/travis/build/npmtest/node-npmtest-node-cassandra-cql/node_modules/node-cassandra-cql/index.js":{"path":"/home/travis/build/npmtest/node-npmtest-node-cassandra-cql/node_modules/node-cassandra-cql/index.js","s":{"1":1,"2":1,"3":1,"4":1,"5":1,"6":1,"7":1,"8":1,"9":0,"10":0,"11":0,"12":0,"13":0,"14":0,"15":0,"16":1,"17":1,"18":0,"19":0,"20":0,"21":0,"22":0,"23":0,"24":0,"25":0,"26":0,"27":1,"28":0,"29":0,"30":0,"31":0,"32":0,"33":0,"34":0,"35":0,"36":0,"37":0,"38":0,"39":0,"40":0,"41":0,"42":0,"43":0,"44":0,"45":0,"46":0,"47":1,"48":0,"49":0,"50":0,"51":0,"52":0,"53":0,"54":0,"55":0,"56":0,"57":0,"58":0,"59":0,"60":0,"61":0,"62":0,"63":1,"64":0,"65":0,"66":0,"67":0,"68":0,"69":0,"70":1,"71":0,"72":0,"73":0,"74":0,"75":0,"76":0,"77":0,"78":0,"79":0,"80":0,"81":0,"82":0,"83":0,"84":0,"85":0,"86":0,"87":0,"88":0,"89":0,"90":0,"91":0,"92":1,"93":0,"94":0,"95":0,"96":0,"97":1,"98":0,"99":0,"100":0,"101":0,"102":0,"103":0,"104":0,"105":0,"106":0,"107":0,"108":0,"109":0,"110":0,"111":0,"112":0,"113":0,"114":0,"115":0,"116":0,"117":1,"118":0,"119":0,"120":0,"121":0,"122":0,"123":0,"124":0,"125":0,"126":0,"127":0,"128":0,"129":0,"130":0,"131":0,"132":0,"133":0,"134":0,"135":0,"136":0,"137":0,"138":1,"139":0,"140":0,"141":0,"142":0,"143":0,"144":0,"145":0,"146":0,"147":0,"148":0,"149":1,"150":0,"151":0,"152":0,"153":0,"154":0,"155":0,"156":0,"157":0,"158":0,"159":0,"160":1,"161":0,"162":0,"163":0,"164":0,"165":0,"166":0,"167":0,"168":0,"169":1,"170":1,"171":0,"172":1,"173":0,"174":0,"175":0,"176":0,"177":0,"178":0,"179":0,"180":0,"181":0,"182":0,"183":0,"184":0,"185":1,"186":0,"187":0,"188":0,"189":0,"190":0,"191":0,"192":0,"193":0,"194":0,"195":0,"196":0,"197":0,"198":0,"199":0,"200":0,"201":0,"202":1,"203":0,"204":0,"205":0,"206":0,"207":0,"208":0,"209":0,"210":1,"211":0,"212":0,"213":0,"214":0,"215":0,"216":0,"217":1,"218":0,"219":0,"220":0,"221":0,"222":0,"223":0,"224":0,"225":0,"226":0,"227":1,"228":0,"229":1,"230":0,"231":0,"232":0,"233":0,"234":1,"235":0,"236":0,"237":1,"238":0,"239":0,"240":1,"241":0,"242":1,"243":0,"244":0,"245":0,"246":0,"247":1,"248":0,"249":0,"250":1,"251":0,"252":0,"253":0,"254":0,"255":0,"256":0,"257":0,"258":0,"259":0,"260":0,"261":1,"262":0,"263":1,"264":0,"265":0,"266":0,"267":1,"268":1,"269":1,"270":1},"b":{"1":[0,0],"2":[0,0],"3":[0,0],"4":[0,0],"5":[0,0],"6":[0,0],"7":[0,0],"8":[0,0],"9":[0,0],"10":[0,0],"11":[0,0],"12":[0,0],"13":[0,0],"14":[0,0],"15":[0,0],"16":[0,0],"17":[0,0],"18":[0,0],"19":[0,0],"20":[0,0],"21":[0,0],"22":[0,0],"23":[0,0],"24":[0,0],"25":[0,0],"26":[0,0],"27":[0,0],"28":[0,0],"29":[0,0],"30":[0,0],"31":[0,0],"32":[0,0],"33":[0,0],"34":[0,0],"35":[0,0],"36":[0,0],"37":[0,0],"38":[0,0],"39":[0,0],"40":[0,0],"41":[0,0],"42":[0,0],"43":[0,0],"44":[0,0],"45":[0,0],"46":[0,0],"47":[0,0]},"f":{"1":0,"2":0,"3":0,"4":0,"5":0,"6":0,"7":0,"8":0,"9":0,"10":0,"11":0,"12":0,"13":0,"14":0,"15":0,"16":0,"17":0,"18":0,"19":0,"20":0,"21":0,"22":0,"23":0,"24":0,"25":0,"26":0,"27":0,"28":0,"29":0,"30":0,"31":0,"32":0,"33":0,"34":0,"35":0,"36":0,"37":0,"38":0,"39":0,"40":0,"41":0,"42":0,"43":0,"44":0,"45":0,"46":0,"47":0,"48":0},"fnMap":{"1":{"name":"Client","line":24,"loc":{"start":{"line":24,"column":0},"end":{"line":24,"column":25}}},"2":{"name":"(anonymous_2)","line":43,"loc":{"start":{"line":43,"column":31},"end":{"line":43,"column":43}}},"3":{"name":"(anonymous_3)","line":61,"loc":{"start":{"line":61,"column":36},"end":{"line":61,"column":63}}},"4":{"name":"(anonymous_4)","line":67,"loc":{"start":{"line":67,"column":4},"end":{"line":67,"column":27}}},"5":{"name":"(anonymous_5)","line":68,"loc":{"start":{"line":68,"column":13},"end":{"line":68,"column":28}}},"6":{"name":"(anonymous_6)","line":80,"loc":{"start":{"line":80,"column":4},"end":{"line":80,"column":16}}},"7":{"name":"(anonymous_7)","line":96,"loc":{"start":{"line":96,"column":27},"end":{"line":96,"column":47}}},"8":{"name":"(anonymous_8)","line":98,"loc":{"start":{"line":98,"column":15},"end":{"line":98,"column":27}}},"9":{"name":"(anonymous_9)","line":113,"loc":{"start":{"line":113,"column":24},"end":{"line":113,"column":39}}},"10":{"name":"(anonymous_10)","line":125,"loc":{"start":{"line":125,"column":35},"end":{"line":125,"column":55}}},"11":{"name":"(anonymous_11)","line":127,"loc":{"start":{"line":127,"column":15},"end":{"line":127,"column":30}}},"12":{"name":"checkNextConnection","line":135,"loc":{"start":{"line":135,"column":4},"end":{"line":135,"column":44}}},"13":{"name":"(anonymous_13)","line":151,"loc":{"start":{"line":151,"column":15},"end":{"line":151,"column":28}}},"14":{"name":"(anonymous_14)","line":155,"loc":{"start":{"line":155,"column":25},"end":{"line":155,"column":37}}},"15":{"name":"(anonymous_15)","line":168,"loc":{"start":{"line":168,"column":21},"end":{"line":168,"column":33}}},"16":{"name":"(anonymous_16)","line":185,"loc":{"start":{"line":185,"column":27},"end":{"line":185,"column":39}}},"17":{"name":"tryAndRetry","line":193,"loc":{"start":{"line":193,"column":2},"end":{"line":193,"column":35}}},"18":{"name":"(anonymous_18)","line":195,"loc":{"start":{"line":195,"column":25},"end":{"line":195,"column":42}}},"19":{"name":"(anonymous_19)","line":201,"loc":{"start":{"line":201,"column":59},"end":{"line":201,"column":81}}},"20":{"name":"(anonymous_20)","line":236,"loc":{"start":{"line":236,"column":37},"end":{"line":236,"column":49}}},"21":{"name":"preparedCallback","line":244,"loc":{"start":{"line":244,"column":32},"end":{"line":244,"column":77}}},"22":{"name":"(anonymous_22)","line":284,"loc":{"start":{"line":284,"column":31},"end":{"line":284,"column":43}}},"23":{"name":"(anonymous_23)","line":296,"loc":{"start":{"line":296,"column":20},"end":{"line":296,"column":32}}},"24":{"name":"(anonymous_24)","line":317,"loc":{"start":{"line":317,"column":27},"end":{"line":317,"column":39}}},"25":{"name":"(anonymous_25)","line":329,"loc":{"start":{"line":329,"column":20},"end":{"line":329,"column":32}}},"26":{"name":"(anonymous_26)","line":351,"loc":{"start":{"line":351,"column":26},"end":{"line":351,"column":38}}},"27":{"name":"noop","line":355,"loc":{"start":{"line":355,"column":14},"end":{"line":355,"column":30}}},"28":{"name":"(anonymous_28)","line":366,"loc":{"start":{"line":366,"column":32},"end":{"line":366,"column":44}}},"29":{"name":"(anonymous_29)","line":373,"loc":{"start":{"line":373,"column":40},"end":{"line":373,"column":109}}},"30":{"name":"(anonymous_30)","line":376,"loc":{"start":{"line":376,"column":59},"end":{"line":376,"column":91}}},"31":{"name":"(anonymous_31)","line":404,"loc":{"start":{"line":404,"column":32},"end":{"line":404,"column":59}}},"32":{"name":"(anonymous_32)","line":411,"loc":{"start":{"line":411,"column":23},"end":{"line":411,"column":42}}},"33":{"name":"(anonymous_33)","line":434,"loc":{"start":{"line":434,"column":28},"end":{"line":434,"column":59}}},"34":{"name":"(anonymous_34)","line":437,"loc":{"start":{"line":437,"column":21},"end":{"line":437,"column":44}}},"35":{"name":"(anonymous_35)","line":447,"loc":{"start":{"line":447,"column":34},"end":{"line":447,"column":69}}},"36":{"name":"(anonymous_36)","line":459,"loc":{"start":{"line":459,"column":38},"end":{"line":459,"column":53}}},"37":{"name":"(anonymous_37)","line":473,"loc":{"start":{"line":473,"column":38},"end":{"line":473,"column":53}}},"38":{"name":"(anonymous_38)","line":477,"loc":{"start":{"line":477,"column":33},"end":{"line":477,"column":55}}},"39":{"name":"(anonymous_39)","line":485,"loc":{"start":{"line":485,"column":31},"end":{"line":485,"column":53}}},"40":{"name":"(anonymous_40)","line":490,"loc":{"start":{"line":490,"column":33},"end":{"line":490,"column":55}}},"41":{"name":"(anonymous_41)","line":498,"loc":{"start":{"line":498,"column":30},"end":{"line":498,"column":52}}},"42":{"name":"(anonymous_42)","line":505,"loc":{"start":{"line":505,"column":28},"end":{"line":505,"column":48}}},"43":{"name":"(anonymous_43)","line":506,"loc":{"start":{"line":506,"column":31},"end":{"line":506,"column":57}}},"44":{"name":"(anonymous_44)","line":508,"loc":{"start":{"line":508,"column":5},"end":{"line":508,"column":16}}},"45":{"name":"PreparedInfo","line":518,"loc":{"start":{"line":518,"column":0},"end":{"line":518,"column":29}}},"46":{"name":"(anonymous_46)","line":524,"loc":{"start":{"line":524,"column":43},"end":{"line":524,"column":60}}},"47":{"name":"(anonymous_47)","line":538,"loc":{"start":{"line":538,"column":46},"end":{"line":538,"column":63}}},"48":{"name":"PoolConnectionError","line":545,"loc":{"start":{"line":545,"column":0},"end":{"line":545,"column":47}}}},"statementMap":{"1":{"start":{"line":1,"column":0},"end":{"line":1,"column":31}},"2":{"start":{"line":2,"column":0},"end":{"line":2,"column":27}},"3":{"start":{"line":3,"column":0},"end":{"line":3,"column":29}},"4":{"start":{"line":4,"column":0},"end":{"line":4,"column":59}},"5":{"start":{"line":5,"column":0},"end":{"line":5,"column":38}},"6":{"start":{"line":6,"column":0},"end":{"line":6,"column":38}},"7":{"start":{"line":8,"column":0},"end":{"line":22,"column":2}},"8":{"start":{"line":24,"column":0},"end":{"line":36,"column":1}},"9":{"start":{"line":25,"column":2},"end":{"line":25,"column":33}},"10":{"start":{"line":27,"column":2},"end":{"line":27,"column":26}},"11":{"start":{"line":28,"column":2},"end":{"line":28,"column":59}},"12":{"start":{"line":30,"column":2},"end":{"line":30,"column":27}},"13":{"start":{"line":32,"column":2},"end":{"line":32,"column":34}},"14":{"start":{"line":33,"column":2},"end":{"line":33,"column":28}},"15":{"start":{"line":35,"column":2},"end":{"line":35,"column":21}},"16":{"start":{"line":38,"column":0},"end":{"line":38,"column":43}},"17":{"start":{"line":43,"column":0},"end":{"line":56,"column":2}},"18":{"start":{"line":44,"column":2},"end":{"line":44,"column":24}},"19":{"start":{"line":45,"column":2},"end":{"line":53,"column":3}},"20":{"start":{"line":46,"column":4},"end":{"line":52,"column":5}},"21":{"start":{"line":47,"column":6},"end":{"line":47,"column":50}},"22":{"start":{"line":48,"column":6},"end":{"line":48,"column":95}},"23":{"start":{"line":49,"column":6},"end":{"line":49,"column":42}},"24":{"start":{"line":50,"column":6},"end":{"line":50,"column":62}},"25":{"start":{"line":51,"column":6},"end":{"line":51,"column":31}},"26":{"start":{"line":55,"column":2},"end":{"line":55,"column":125}},"27":{"start":{"line":61,"column":0},"end":{"line":90,"column":2}},"28":{"start":{"line":62,"column":2},"end":{"line":62,"column":54}},"29":{"start":{"line":63,"column":2},"end":{"line":63,"column":18}},"30":{"start":{"line":64,"column":2},"end":{"line":64,"column":25}},"31":{"start":{"line":65,"column":2},"end":{"line":65,"column":18}},"32":{"start":{"line":66,"column":2},"end":{"line":89,"column":7}},"33":{"start":{"line":68,"column":6},"end":{"line":78,"column":9}},"34":{"start":{"line":69,"column":8},"end":{"line":76,"column":9}},"35":{"start":{"line":70,"column":10},"end":{"line":70,"column":32}},"36":{"start":{"line":71,"column":10},"end":{"line":71,"column":27}},"37":{"start":{"line":72,"column":10},"end":{"line":72,"column":100}},"38":{"start":{"line":75,"column":10},"end":{"line":75,"column":74}},"39":{"start":{"line":77,"column":8},"end":{"line":77,"column":19}},"40":{"start":{"line":81,"column":6},"end":{"line":81,"column":30}},"41":{"start":{"line":82,"column":6},"end":{"line":82,"column":23}},"42":{"start":{"line":83,"column":6},"end":{"line":85,"column":7}},"43":{"start":{"line":84,"column":8},"end":{"line":84,"column":48}},"44":{"start":{"line":86,"column":6},"end":{"line":86,"column":30}},"45":{"start":{"line":87,"column":6},"end":{"line":87,"column":29}},"46":{"start":{"line":88,"column":6},"end":{"line":88,"column":37}},"47":{"start":{"line":96,"column":0},"end":{"line":119,"column":2}},"48":{"start":{"line":97,"column":2},"end":{"line":99,"column":3}},"49":{"start":{"line":98,"column":4},"end":{"line":98,"column":30}},"50":{"start":{"line":100,"column":2},"end":{"line":103,"column":3}},"51":{"start":{"line":101,"column":4},"end":{"line":101,"column":35}},"52":{"start":{"line":102,"column":4},"end":{"line":102,"column":11}},"53":{"start":{"line":104,"column":2},"end":{"line":109,"column":3}},"54":{"start":{"line":106,"column":4},"end":{"line":106,"column":64}},"55":{"start":{"line":107,"column":4},"end":{"line":107,"column":38}},"56":{"start":{"line":108,"column":4},"end":{"line":108,"column":11}},"57":{"start":{"line":111,"column":2},"end":{"line":111,"column":18}},"58":{"start":{"line":112,"column":2},"end":{"line":112,"column":25}},"59":{"start":{"line":113,"column":2},"end":{"line":118,"column":5}},"60":{"start":{"line":114,"column":4},"end":{"line":116,"column":5}},"61":{"start":{"line":115,"column":6},"end":{"line":115,"column":33}},"62":{"start":{"line":117,"column":4},"end":{"line":117,"column":18}},"63":{"start":{"line":125,"column":0},"end":{"line":175,"column":2}},"64":{"start":{"line":126,"column":2},"end":{"line":126,"column":18}},"65":{"start":{"line":127,"column":2},"end":{"line":174,"column":5}},"66":{"start":{"line":128,"column":4},"end":{"line":131,"column":5}},"67":{"start":{"line":129,"column":6},"end":{"line":129,"column":20}},"68":{"start":{"line":130,"column":6},"end":{"line":130,"column":13}},"69":{"start":{"line":134,"column":4},"end":{"line":134,"column":31}},"70":{"start":{"line":135,"column":4},"end":{"line":172,"column":5}},"71":{"start":{"line":136,"column":6},"end":{"line":136,"column":59}},"72":{"start":{"line":137,"column":6},"end":{"line":137,"column":54}},"73":{"start":{"line":138,"column":6},"end":{"line":140,"column":7}},"74":{"start":{"line":139,"column":8},"end":{"line":139,"column":33}},"75":{"start":{"line":141,"column":6},"end":{"line":141,"column":53}},"76":{"start":{"line":142,"column":6},"end":{"line":171,"column":7}},"77":{"start":{"line":143,"column":8},"end":{"line":143,"column":26}},"78":{"start":{"line":145,"column":11},"end":{"line":171,"column":7}},"79":{"start":{"line":146,"column":8},"end":{"line":146,"column":71}},"80":{"start":{"line":148,"column":11},"end":{"line":171,"column":7}},"81":{"start":{"line":149,"column":8},"end":{"line":149,"column":71}},"82":{"start":{"line":151,"column":8},"end":{"line":164,"column":11}},"83":{"start":{"line":152,"column":10},"end":{"line":163,"column":11}},"84":{"start":{"line":154,"column":12},"end":{"line":154,"column":34}},"85":{"start":{"line":155,"column":12},"end":{"line":157,"column":15}},"86":{"start":{"line":156,"column":14},"end":{"line":156,"column":44}},"87":{"start":{"line":161,"column":12},"end":{"line":161,"column":32}},"88":{"start":{"line":162,"column":12},"end":{"line":162,"column":30}},"89":{"start":{"line":168,"column":8},"end":{"line":170,"column":11}},"90":{"start":{"line":169,"column":10},"end":{"line":169,"column":40}},"91":{"start":{"line":173,"column":4},"end":{"line":173,"column":34}},"92":{"start":{"line":185,"column":0},"end":{"line":226,"column":2}},"93":{"start":{"line":186,"column":2},"end":{"line":186,"column":58}},"94":{"start":{"line":187,"column":2},"end":{"line":187,"column":18}},"95":{"start":{"line":190,"column":2},"end":{"line":190,"column":26}},"96":{"start":{"line":191,"column":2},"end":{"line":191,"column":42}},"97":{"start":{"line":193,"column":2},"end":{"line":224,"column":3}},"98":{"start":{"line":194,"column":4},"end":{"line":194,"column":33}},"99":{"start":{"line":195,"column":4},"end":{"line":223,"column":7}},"100":{"start":{"line":196,"column":6},"end":{"line":199,"column":7}},"101":{"start":{"line":197,"column":8},"end":{"line":197,"column":27}},"102":{"start":{"line":198,"column":8},"end":{"line":198,"column":15}},"103":{"start":{"line":200,"column":6},"end":{"line":200,"column":103}},"104":{"start":{"line":201,"column":6},"end":{"line":222,"column":9}},"105":{"start":{"line":203,"column":8},"end":{"line":221,"column":9}},"106":{"start":{"line":205,"column":10},"end":{"line":205,"column":32}},"107":{"start":{"line":206,"column":10},"end":{"line":209,"column":11}},"108":{"start":{"line":207,"column":12},"end":{"line":207,"column":51}},"109":{"start":{"line":208,"column":12},"end":{"line":208,"column":19}},"110":{"start":{"line":211,"column":10},"end":{"line":211,"column":129}},"111":{"start":{"line":212,"column":10},"end":{"line":212,"column":36}},"112":{"start":{"line":215,"column":10},"end":{"line":218,"column":11}},"113":{"start":{"line":216,"column":12},"end":{"line":216,"column":54}},"114":{"start":{"line":217,"column":12},"end":{"line":217,"column":35}},"115":{"start":{"line":220,"column":10},"end":{"line":220,"column":37}},"116":{"start":{"line":225,"column":2},"end":{"line":225,"column":17}},"117":{"start":{"line":236,"column":0},"end":{"line":271,"column":2}},"118":{"start":{"line":237,"column":2},"end":{"line":237,"column":58}},"119":{"start":{"line":238,"column":2},"end":{"line":238,"column":18}},"120":{"start":{"line":241,"column":2},"end":{"line":241,"column":26}},"121":{"start":{"line":242,"column":2},"end":{"line":242,"column":42}},"122":{"start":{"line":244,"column":2},"end":{"line":270,"column":5}},"123":{"start":{"line":245,"column":4},"end":{"line":269,"column":5}},"124":{"start":{"line":247,"column":6},"end":{"line":247,"column":30}},"125":{"start":{"line":248,"column":6},"end":{"line":248,"column":65}},"126":{"start":{"line":249,"column":6},"end":{"line":251,"column":7}},"127":{"start":{"line":250,"column":8},"end":{"line":250,"column":34}},"128":{"start":{"line":253,"column":6},"end":{"line":253,"column":75}},"129":{"start":{"line":254,"column":6},"end":{"line":254,"column":60}},"130":{"start":{"line":255,"column":6},"end":{"line":255,"column":101}},"131":{"start":{"line":257,"column":9},"end":{"line":269,"column":5}},"132":{"start":{"line":259,"column":6},"end":{"line":259,"column":48}},"133":{"start":{"line":260,"column":6},"end":{"line":260,"column":29}},"134":{"start":{"line":261,"column":6},"end":{"line":263,"column":7}},"135":{"start":{"line":262,"column":8},"end":{"line":262,"column":53}},"136":{"start":{"line":264,"column":6},"end":{"line":264,"column":25}},"137":{"start":{"line":268,"column":6},"end":{"line":268,"column":117}},"138":{"start":{"line":284,"column":0},"end":{"line":304,"column":2}},"139":{"start":{"line":285,"column":2},"end":{"line":285,"column":51}},"140":{"start":{"line":286,"column":2},"end":{"line":286,"column":18}},"141":{"start":{"line":288,"column":2},"end":{"line":291,"column":3}},"142":{"start":{"line":290,"column":4},"end":{"line":290,"column":51}},"143":{"start":{"line":292,"column":2},"end":{"line":292,"column":49}},"144":{"start":{"line":293,"column":2},"end":{"line":297,"column":3}},"145":{"start":{"line":295,"column":4},"end":{"line":295,"column":32}},"146":{"start":{"line":296,"column":4},"end":{"line":296,"column":35}},"147":{"start":{"line":298,"column":2},"end":{"line":302,"column":5}},"148":{"start":{"line":303,"column":2},"end":{"line":303,"column":97}},"149":{"start":{"line":317,"column":0},"end":{"line":336,"column":2}},"150":{"start":{"line":318,"column":2},"end":{"line":318,"column":51}},"151":{"start":{"line":319,"column":2},"end":{"line":319,"column":18}},"152":{"start":{"line":321,"column":2},"end":{"line":324,"column":3}},"153":{"start":{"line":323,"column":4},"end":{"line":323,"column":51}},"154":{"start":{"line":325,"column":2},"end":{"line":325,"column":49}},"155":{"start":{"line":326,"column":2},"end":{"line":330,"column":3}},"156":{"start":{"line":328,"column":4},"end":{"line":328,"column":32}},"157":{"start":{"line":329,"column":4},"end":{"line":329,"column":35}},"158":{"start":{"line":331,"column":2},"end":{"line":334,"column":5}},"159":{"start":{"line":335,"column":2},"end":{"line":335,"column":97}},"160":{"start":{"line":351,"column":0},"end":{"line":362,"column":2}},"161":{"start":{"line":352,"column":2},"end":{"line":352,"column":51}},"162":{"start":{"line":353,"column":2},"end":{"line":356,"column":3}},"163":{"start":{"line":355,"column":4},"end":{"line":355,"column":34}},"164":{"start":{"line":357,"column":2},"end":{"line":357,"column":49}},"165":{"start":{"line":358,"column":2},"end":{"line":358,"column":60}},"166":{"start":{"line":359,"column":2},"end":{"line":359,"column":78}},"167":{"start":{"line":360,"column":2},"end":{"line":360,"column":97}},"168":{"start":{"line":361,"column":2},"end":{"line":361,"column":22}},"169":{"start":{"line":364,"column":0},"end":{"line":364,"column":55}},"170":{"start":{"line":366,"column":0},"end":{"line":368,"column":2}},"171":{"start":{"line":367,"column":2},"end":{"line":367,"column":148}},"172":{"start":{"line":373,"column":0},"end":{"line":397,"column":2}},"173":{"start":{"line":374,"column":2},"end":{"line":374,"column":71}},"174":{"start":{"line":375,"column":2},"end":{"line":375,"column":18}},"175":{"start":{"line":376,"column":2},"end":{"line":396,"column":5}},"176":{"start":{"line":377,"column":4},"end":{"line":395,"column":5}},"177":{"start":{"line":380,"column":6},"end":{"line":380,"column":28}},"178":{"start":{"line":382,"column":6},"end":{"line":382,"column":76}},"179":{"start":{"line":384,"column":9},"end":{"line":395,"column":5}},"180":{"start":{"line":388,"column":6},"end":{"line":388,"column":67}},"181":{"start":{"line":389,"column":6},"end":{"line":389,"column":53}},"182":{"start":{"line":390,"column":6},"end":{"line":390,"column":55}},"183":{"start":{"line":391,"column":6},"end":{"line":391,"column":76}},"184":{"start":{"line":394,"column":6},"end":{"line":394,"column":38}},"185":{"start":{"line":404,"column":0},"end":{"line":429,"column":2}},"186":{"start":{"line":405,"column":2},"end":{"line":405,"column":49}},"187":{"start":{"line":406,"column":2},"end":{"line":409,"column":3}},"188":{"start":{"line":407,"column":4},"end":{"line":407,"column":43}},"189":{"start":{"line":408,"column":4},"end":{"line":408,"column":47}},"190":{"start":{"line":410,"column":2},"end":{"line":410,"column":18}},"191":{"start":{"line":411,"column":2},"end":{"line":428,"column":5}},"192":{"start":{"line":412,"column":4},"end":{"line":414,"column":5}},"193":{"start":{"line":413,"column":6},"end":{"line":413,"column":27}},"194":{"start":{"line":415,"column":4},"end":{"line":415,"column":66}},"195":{"start":{"line":416,"column":4},"end":{"line":423,"column":5}},"196":{"start":{"line":418,"column":6},"end":{"line":418,"column":50}},"197":{"start":{"line":420,"column":9},"end":{"line":423,"column":5}},"198":{"start":{"line":422,"column":6},"end":{"line":422,"column":48}},"199":{"start":{"line":425,"column":4},"end":{"line":425,"column":29}},"200":{"start":{"line":426,"column":4},"end":{"line":426,"column":39}},"201":{"start":{"line":427,"column":4},"end":{"line":427,"column":46}},"202":{"start":{"line":434,"column":0},"end":{"line":444,"column":2}},"203":{"start":{"line":435,"column":2},"end":{"line":435,"column":100}},"204":{"start":{"line":436,"column":2},"end":{"line":436,"column":18}},"205":{"start":{"line":437,"column":2},"end":{"line":443,"column":5}},"206":{"start":{"line":438,"column":4},"end":{"line":438,"column":30}},"207":{"start":{"line":439,"column":4},"end":{"line":441,"column":5}},"208":{"start":{"line":440,"column":6},"end":{"line":440,"column":53}},"209":{"start":{"line":442,"column":4},"end":{"line":442,"column":66}},"210":{"start":{"line":447,"column":0},"end":{"line":455,"column":2}},"211":{"start":{"line":448,"column":2},"end":{"line":448,"column":28}},"212":{"start":{"line":449,"column":2},"end":{"line":449,"column":68}},"213":{"start":{"line":450,"column":2},"end":{"line":453,"column":3}},"214":{"start":{"line":451,"column":4},"end":{"line":451,"column":30}},"215":{"start":{"line":452,"column":4},"end":{"line":452,"column":66}},"216":{"start":{"line":454,"column":2},"end":{"line":454,"column":35}},"217":{"start":{"line":459,"column":0},"end":{"line":471,"column":2}},"218":{"start":{"line":460,"column":2},"end":{"line":460,"column":37}},"219":{"start":{"line":461,"column":2},"end":{"line":461,"column":58}},"220":{"start":{"line":462,"column":2},"end":{"line":464,"column":3}},"221":{"start":{"line":463,"column":4},"end":{"line":463,"column":11}},"222":{"start":{"line":465,"column":2},"end":{"line":468,"column":3}},"223":{"start":{"line":466,"column":4},"end":{"line":466,"column":40}},"224":{"start":{"line":467,"column":4},"end":{"line":467,"column":70}},"225":{"start":{"line":469,"column":2},"end":{"line":469,"column":119}},"226":{"start":{"line":470,"column":2},"end":{"line":470,"column":38}},"227":{"start":{"line":473,"column":0},"end":{"line":475,"column":2}},"228":{"start":{"line":474,"column":2},"end":{"line":474,"column":38}},"229":{"start":{"line":477,"column":0},"end":{"line":483,"column":2}},"230":{"start":{"line":478,"column":2},"end":{"line":482,"column":3}},"231":{"start":{"line":479,"column":4},"end":{"line":479,"column":102}},"232":{"start":{"line":480,"column":4},"end":{"line":480,"column":50}},"233":{"start":{"line":481,"column":4},"end":{"line":481,"column":40}},"234":{"start":{"line":485,"column":0},"end":{"line":488,"column":2}},"235":{"start":{"line":486,"column":2},"end":{"line":486,"column":29}},"236":{"start":{"line":487,"column":2},"end":{"line":487,"column":92}},"237":{"start":{"line":490,"column":0},"end":{"line":493,"column":2}},"238":{"start":{"line":491,"column":2},"end":{"line":491,"column":65}},"239":{"start":{"line":492,"column":2},"end":{"line":492,"column":45}},"240":{"start":{"line":498,"column":0},"end":{"line":500,"column":2}},"241":{"start":{"line":499,"column":2},"end":{"line":499,"column":33}},"242":{"start":{"line":505,"column":0},"end":{"line":513,"column":2}},"243":{"start":{"line":506,"column":2},"end":{"line":512,"column":5}},"244":{"start":{"line":507,"column":4},"end":{"line":507,"column":26}},"245":{"start":{"line":509,"column":4},"end":{"line":511,"column":5}},"246":{"start":{"line":510,"column":6},"end":{"line":510,"column":17}},"247":{"start":{"line":518,"column":0},"end":{"line":522,"column":1}},"248":{"start":{"line":519,"column":2},"end":{"line":519,"column":21}},"249":{"start":{"line":521,"column":2},"end":{"line":521,"column":28}},"250":{"start":{"line":524,"column":0},"end":{"line":536,"column":2}},"251":{"start":{"line":525,"column":2},"end":{"line":525,"column":27}},"252":{"start":{"line":526,"column":2},"end":{"line":526,"column":41}},"253":{"start":{"line":527,"column":2},"end":{"line":534,"column":3}},"254":{"start":{"line":528,"column":4},"end":{"line":528,"column":37}},"255":{"start":{"line":529,"column":4},"end":{"line":529,"column":28}},"256":{"start":{"line":530,"column":4},"end":{"line":530,"column":27}},"257":{"start":{"line":531,"column":4},"end":{"line":531,"column":24}},"258":{"start":{"line":532,"column":4},"end":{"line":532,"column":20}},"259":{"start":{"line":533,"column":4},"end":{"line":533,"column":39}},"260":{"start":{"line":535,"column":2},"end":{"line":535,"column":14}},"261":{"start":{"line":538,"column":0},"end":{"line":540,"column":2}},"262":{"start":{"line":539,"column":2},"end":{"line":539,"column":37}},"263":{"start":{"line":545,"column":0},"end":{"line":549,"column":1}},"264":{"start":{"line":546,"column":2},"end":{"line":546,"column":36}},"265":{"start":{"line":547,"column":2},"end":{"line":547,"column":97}},"266":{"start":{"line":548,"column":2},"end":{"line":548,"column":43}},"267":{"start":{"line":550,"column":0},"end":{"line":550,"column":42}},"268":{"start":{"line":552,"column":0},"end":{"line":552,"column":24}},"269":{"start":{"line":553,"column":0},"end":{"line":553,"column":32}},"270":{"start":{"line":554,"column":0},"end":{"line":554,"column":22}}},"branchMap":{"1":{"line":48,"type":"binary-expr","locations":[{"start":{"line":48,"column":77},"end":{"line":48,"column":84}},{"start":{"line":48,"column":88},"end":{"line":48,"column":92}}]},"2":{"line":69,"type":"if","locations":[{"start":{"line":69,"column":8},"end":{"line":69,"column":8}},{"start":{"line":69,"column":8},"end":{"line":69,"column":8}}]},"3":{"line":83,"type":"if","locations":[{"start":{"line":83,"column":6},"end":{"line":83,"column":6}},{"start":{"line":83,"column":6},"end":{"line":83,"column":6}}]},"4":{"line":97,"type":"if","locations":[{"start":{"line":97,"column":2},"end":{"line":97,"column":2}},{"start":{"line":97,"column":2},"end":{"line":97,"column":2}}]},"5":{"line":100,"type":"if","locations":[{"start":{"line":100,"column":2},"end":{"line":100,"column":2}},{"start":{"line":100,"column":2},"end":{"line":100,"column":2}}]},"6":{"line":100,"type":"binary-expr","locations":[{"start":{"line":100,"column":6},"end":{"line":100,"column":20}},{"start":{"line":100,"column":24},"end":{"line":100,"column":44}}]},"7":{"line":104,"type":"if","locations":[{"start":{"line":104,"column":2},"end":{"line":104,"column":2}},{"start":{"line":104,"column":2},"end":{"line":104,"column":2}}]},"8":{"line":114,"type":"if","locations":[{"start":{"line":114,"column":4},"end":{"line":114,"column":4}},{"start":{"line":114,"column":4},"end":{"line":114,"column":4}}]},"9":{"line":128,"type":"if","locations":[{"start":{"line":128,"column":4},"end":{"line":128,"column":4}},{"start":{"line":128,"column":4},"end":{"line":128,"column":4}}]},"10":{"line":138,"type":"if","locations":[{"start":{"line":138,"column":6},"end":{"line":138,"column":6}},{"start":{"line":138,"column":6},"end":{"line":138,"column":6}}]},"11":{"line":142,"type":"if","locations":[{"start":{"line":142,"column":6},"end":{"line":142,"column":6}},{"start":{"line":142,"column":6},"end":{"line":142,"column":6}}]},"12":{"line":145,"type":"if","locations":[{"start":{"line":145,"column":11},"end":{"line":145,"column":11}},{"start":{"line":145,"column":11},"end":{"line":145,"column":11}}]},"13":{"line":148,"type":"if","locations":[{"start":{"line":148,"column":11},"end":{"line":148,"column":11}},{"start":{"line":148,"column":11},"end":{"line":148,"column":11}}]},"14":{"line":148,"type":"binary-expr","locations":[{"start":{"line":14
[...]
7,"column":2},"end":{"line":137,"column":27}},"70":{"start":{"line":139,"column":2},"end":{"line":139,"column":27}},"71":{"start":{"line":142,"column":0},"end":{"line":149,"column":2}},"72":{"start":{"line":143,"column":2},"end":{"line":143,"column":32}},"73":{"start":{"line":144,"column":2},"end":{"line":146,"column":3}},"74":{"start":{"line":145,"column":4},"end":{"line":145,"column":16}},"75":{"start":{"line":147,"column":2},"end":{"line":147,"column":27}},"76":{"start":{"line":148,"column":2},"end":{"line":148,"column":27}},"77":{"start":{"line":152,"column":0},"end":{"line":184,"column":2}},"78":{"start":{"line":153,"column":2},"end":{"line":153,"column":28}},"79":{"start":{"line":155,"column":2},"end":{"line":181,"column":3}},"80":{"start":{"line":157,"column":8},"end":{"line":157,"column":39}},"81":{"start":{"line":174,"column":8},"end":{"line":174,"column":26}},"82":{"start":{"line":176,"column":8},"end":{"line":176,"column":39}},"83":{"start":{"line":178,"column":8},"end":{"line":178,"column":60}},"84":{"start":{"line":180,"column":8},"end":{"line":180,"column":39}},"85":{"start":{"line":183,"column":2},"end":{"line":183,"column":20}},"86":{"start":{"line":187,"column":0},"end":{"line":194,"column":2}},"87":{"start":{"line":188,"column":2},"end":{"line":188,"column":29}},"88":{"start":{"line":189,"column":2},"end":{"line":189,"column":19}},"89":{"start":{"line":190,"column":2},"end":{"line":192,"column":3}},"90":{"start":{"line":191,"column":6},"end":{"line":191,"column":38}},"91":{"start":{"line":193,"column":2},"end":{"line":193,"column":17}},"92":{"start":{"line":196,"column":0},"end":{"line":198,"column":2}},"93":{"start":{"line":200,"column":0},"end":{"line":209,"column":2}},"94":{"start":{"line":201,"column":2},"end":{"line":201,"column":29}},"95":{"start":{"line":202,"column":2},"end":{"line":202,"column":15}},"96":{"start":{"line":203,"column":2},"end":{"line":207,"column":3}},"97":{"start":{"line":204,"column":6},"end":{"line":204,"column":34}},"98":{"start":{"line":205,"column":6},"end":{"line":205,"column":36}},"99":{"start":{"line":206,"column":6},"end":{"line":206,"column":23}},"100":{"start":{"line":208,"column":2},"end":{"line":208,"column":13}},"101":{"start":{"line":211,"column":0},"end":{"line":219,"column":2}},"102":{"start":{"line":212,"column":2},"end":{"line":212,"column":29}},"103":{"start":{"line":213,"column":2},"end":{"line":213,"column":15}},"104":{"start":{"line":214,"column":2},"end":{"line":217,"column":3}},"105":{"start":{"line":215,"column":6},"end":{"line":215,"column":34}},"106":{"start":{"line":216,"column":6},"end":{"line":216,"column":39}},"107":{"start":{"line":218,"column":2},"end":{"line":218,"column":13}},"108":{"start":{"line":225,"column":0},"end":{"line":256,"column":2}},"109":{"start":{"line":226,"column":2},"end":{"line":226,"column":16}},"110":{"start":{"line":228,"column":2},"end":{"line":228,"column":29}},"111":{"start":{"line":230,"column":2},"end":{"line":230,"column":35}},"112":{"start":{"line":232,"column":2},"end":{"line":237,"column":3}},"113":{"start":{"line":234,"column":4},"end":{"line":234,"column":35}},"114":{"start":{"line":235,"column":4},"end":{"line":235,"column":38}},"115":{"start":{"line":236,"column":4},"end":{"line":236,"column":35}},"116":{"start":{"line":239,"column":2},"end":{"line":239,"column":20}},"117":{"start":{"line":241,"column":2},"end":{"line":253,"column":3}},"118":{"start":{"line":242,"column":4},"end":{"line":242,"column":18}},"119":{"start":{"line":243,"column":4},"end":{"line":246,"column":5}},"120":{"start":{"line":244,"column":6},"end":{"line":244,"column":38}},"121":{"start":{"line":245,"column":6},"end":{"line":245,"column":41}},"122":{"start":{"line":248,"column":4},"end":{"line":248,"column":34}},"123":{"start":{"line":249,"column":4},"end":{"line":249,"column":34}},"124":{"start":{"line":250,"column":4},"end":{"line":250,"column":28}},"125":{"start":{"line":252,"column":4},"end":{"line":252,"column":42}},"126":{"start":{"line":255,"column":2},"end":{"line":255,"column":14}},"127":{"start":{"line":262,"column":0},"end":{"line":274,"column":2}},"128":{"start":{"line":263,"column":2},"end":{"line":263,"column":12}},"129":{"start":{"line":264,"column":2},"end":{"line":272,"column":3}},"130":{"start":{"line":265,"column":4},"end":{"line":265,"column":21}},"131":{"start":{"line":268,"column":4},"end":{"line":270,"column":5}},"132":{"start":{"line":269,"column":6},"end":{"line":269,"column":18}},"133":{"start":{"line":271,"column":4},"end":{"line":271,"column":12}},"134":{"start":{"line":281,"column":0},"end":{"line":295,"column":2}},"135":{"start":{"line":282,"column":2},"end":{"line":282,"column":28}},"136":{"start":{"line":283,"column":2},"end":{"line":283,"column":34}},"137":{"start":{"line":286,"column":2},"end":{"line":286,"column":32}},"138":{"start":{"line":287,"column":2},"end":{"line":293,"column":3}},"139":{"start":{"line":291,"column":6},"end":{"line":291,"column":31}},"140":{"start":{"line":292,"column":6},"end":{"line":292,"column":12}},"141":{"start":{"line":294,"column":2},"end":{"line":294,"column":61}},"142":{"start":{"line":297,"column":0},"end":{"line":312,"column":1}},"143":{"start":{"line":298,"column":2},"end":{"line":298,"column":37}},"144":{"start":{"line":299,"column":2},"end":{"line":299,"column":34}},"145":{"start":{"line":300,"column":2},"end":{"line":311,"column":3}},"146":{"start":{"line":301,"column":4},"end":{"line":301,"column":64}},"147":{"start":{"line":303,"column":7},"end":{"line":311,"column":3}},"148":{"start":{"line":304,"column":4},"end":{"line":304,"column":64}},"149":{"start":{"line":306,"column":7},"end":{"line":311,"column":3}},"150":{"start":{"line":307,"column":4},"end":{"line":307,"column":87}},"151":{"start":{"line":310,"column":4},"end":{"line":310,"column":52}},"152":{"start":{"line":314,"column":0},"end":{"line":319,"column":1}},"153":{"start":{"line":315,"column":2},"end":{"line":315,"column":61}},"154":{"start":{"line":316,"column":2},"end":{"line":316,"column":19}},"155":{"start":{"line":317,"column":2},"end":{"line":317,"column":45}},"156":{"start":{"line":318,"column":2},"end":{"line":318,"column":59}},"157":{"start":{"line":321,"column":0},"end":{"line":321,"column":48}},"158":{"start":{"line":323,"column":0},"end":{"line":323,"column":30}},"159":{"start":{"line":324,"column":0},"end":{"line":324,"column":34}}},"branchMap":{"1":{"line":31,"type":"if","locations":[{"start":{"line":31,"column":2},"end":{"line":31,"column":2}},{"start":{"line":31,"column":2},"end":{"line":31,"column":2}}]},"2":{"line":41,"type":"if","locations":[{"start":{"line":41,"column":2},"end":{"line":41,"column":2}},{"start":{"line":41,"column":2},"end":{"line":41,"column":2}}]},"3":{"line":53,"type":"if","locations":[{"start":{"line":53,"column":2},"end":{"line":53,"column":2}},{"start":{"line":53,"column":2},"end":{"line":53,"column":2}}]},"4":{"line":53,"type":"binary-expr","locations":[{"start":{"line":53,"column":6},"end":{"line":53,"column":35}},{"start":{"line":53,"column":39},"end":{"line":53,"column":77}}]},"5":{"line":98,"type":"if","locations":[{"start":{"line":98,"column":2},"end":{"line":98,"column":2}},{"start":{"line":98,"column":2},"end":{"line":98,"column":2}}]},"6":{"line":134,"type":"if","locations":[{"start":{"line":134,"column":2},"end":{"line":134,"column":2}},{"start":{"line":134,"column":2},"end":{"line":134,"column":2}}]},"7":{"line":144,"type":"if","locations":[{"start":{"line":144,"column":2},"end":{"line":144,"column":2}},{"start":{"line":144,"column":2},"end":{"line":144,"column":2}}]},"8":{"line":155,"type":"switch","locations":[{"start":{"line":156,"column":4},"end":{"line":157,"column":39}},{"start":{"line":158,"column":4},"end":{"line":158,"column":16}},{"start":{"line":159,"column":4},"end":{"line":159,"column":16}},{"start":{"line":160,"column":4},"end":{"line":160,"column":16}},{"start":{"line":161,"column":4},"end":{"line":161,"column":16}},{"start":{"line":162,"column":4},"end":{"line":162,"column":16}},{"start":{"line":163,"column":4},"end":{"line":163,"column":16}},{"start":{"line":164,"column":4},"end":{"line":164,"column":16}},{"start":{"line":165,"column":4},"end":{"line":165,"column":16}},{"start":{"line":166,"column":4},"end":{"line":166,"column":16}},{"start":{"line":167,"column":4},"end":{"line":167,"column":16}},{"start":{"line":168,"column":4},"end":{"line":168,"column":16}},{"start":{"line":169,"column":4},"end":{"line":169,"column":16}},{"start":{"line":170,"column":4},"end":{"line":170,"column":16}},{"start":{"line":171,"column":4},"end":{"line":171,"column":16}},{"start":{"line":172,"column":4},"end":{"line":172,"column":16}},{"start":{"line":173,"column":4},"end":{"line":174,"column":26}},{"start":{"line":175,"column":4},"end":{"line":176,"column":39}},{"start":{"line":177,"column":4},"end":{"line":178,"column":60}},{"start":{"line":179,"column":4},"end":{"line":180,"column":39}}]},"9":{"line":232,"type":"if","locations":[{"start":{"line":232,"column":2},"end":{"line":232,"column":2}},{"start":{"line":232,"column":2},"end":{"line":232,"column":2}}]},"10":{"line":243,"type":"if","locations":[{"start":{"line":243,"column":4},"end":{"line":243,"column":4}},{"start":{"line":243,"column":4},"end":{"line":243,"column":4}}]},"11":{"line":268,"type":"if","locations":[{"start":{"line":268,"column":4},"end":{"line":268,"column":4}},{"start":{"line":268,"column":4},"end":{"line":268,"column":4}}]},"12":{"line":287,"type":"switch","locations":[{"start":{"line":288,"column":4},"end":{"line":288,"column":46}},{"start":{"line":289,"column":4},"end":{"line":289,"column":45}},{"start":{"line":290,"column":4},"end":{"line":292,"column":12}}]},"13":{"line":300,"type":"if","locations":[{"start":{"line":300,"column":2},"end":{"line":300,"column":2}},{"start":{"line":300,"column":2},"end":{"line":300,"column":2}}]},"14":{"line":303,"type":"if","locations":[{"start":{"line":303,"column":7},"end":{"line":303,"column":7}},{"start":{"line":303,"column":7},"end":{"line":303,"column":7}}]},"15":{"line":306,"type":"if","locations":[{"start":{"line":306,"column":7},"end":{"line":306,"column":7}},{"start":{"line":306,"column":7},"end":{"line":306,"column":7}}]}},"code":["/**"," * Based on https://github.com/isaacbwagner/node-cql3/blob/master/lib/frameParser.js "," * under the MIT License https://github.com/isaacbwagner/node-cql3/blob/master/LICENSE"," */","var util = require('util');","var utils = require('./utils.js');","var types = require('./types.js');","","/**"," * Buffer forward reader of CQL binary frames"," */","function FrameReader(header, body) {","  this.header = header;","  this.opcode = header.opcode;","  this.offset = 0;","  this.buf = body;","}","","FrameReader.prototype.remainingLength = function () {","  return this.buf.length - this.offset;","};","","FrameReader.prototype.getBuffer = function () {","  return this.buf;","};","","/**"," * Slices the underlining buffer"," */","FrameReader.prototype.slice = function (begin, end) {","  if (typeof end === 'undefined') {","    end = this.buf.length;","  }","  return this.buf.slice(begin, end);","};","","/**"," * Modifies the underlying buffer, it concatenates the given buffer with the original (internalBuffer = concat(bytes, internalBuffer)"," */","FrameReader.prototype.unshift = function (bytes) {","  if (this.offset > 0) {","    throw new Error('Can not modify the underlying buffer if already read');","  }","  this.buf = Buffer.concat([bytes, this.buf], bytes.length + this.buf.length);","};","","/**"," * Reads any number of bytes and moves the offset."," * if length not provided or it's larger than the remaining bytes, reads to end."," */","FrameReader.prototype.read = function (length) {","  var end = this.buf.length;","  if (typeof length !== 'undefined' && this.offset + length < this.buf.length) {","    end = this.offset + length;","  }","  var bytes = this.slice(this.offset, end);","  this.offset = end;","  return bytes;","};","","/**"," * Moves the reader cursor to the end"," */","FrameReader.prototype.toEnd = function () {","  this.offset = this.buf.length;","};","","FrameReader.prototype.readInt = function() {","  var result = this.buf.readInt32BE(this.offset);","  this.offset += 4;","  return result;","};","","FrameReader.prototype.readShort = function () {","  var result = this.buf.readUInt16BE(this.offset);","  this.offset += 2;","  return result;","};","","FrameReader.prototype.readByte = function () {","  var result = this.buf.readUInt8(this.offset);","  this.offset += 1;","  return result;","};","","FrameReader.prototype.readString = function () {","  var length = this.readShort();","  this.checkOffset(length);","  var result = this.buf.toString('utf8', this.offset, this.offset+length);","  this.offset += length;","  return result;","};","","/**"," * Checks that the new length to read is within the range of the buffer length. Throws a RangeError if not."," */","FrameReader.prototype.checkOffset = function (newLength) {","  if (this.offset + newLength > this.buf.length) {","    throw new RangeError('Trying to access beyond buffer length');","  }","};","","FrameReader.prototype.readUUID = function () {","  var octets = [];","  for (var i = 0; i < 16; i++) {","      octets.push(this.readByte());","  }","","  var str = \"\";","","  octets.forEach(function(octet) {","      str += octet.toString(16);","  });","","  return str.slice(0, 8) + '-' + str.slice(8, 12) + '-' + str.slice(12, 16) + '-' + str.slice(16, 20) + '-' + str.slice(20);","};","","FrameReader.prototype.readStringList = function () {","  var num = this.readShort();","","  var list = [];","","  for (var i = 0; i < num; i++) {","      list.push(this.readString());","  }","","  return list;","};","/**"," * Reads the amount of bytes that the field has and returns them (slicing them)."," */","FrameReader.prototype.readBytes = function () {","  var length = this.readInt();","  if (length < 0) {","    return null;","  }","  this.checkOffset(length);","","  return this.read(length);","};","","FrameReader.prototype.readShortBytes = function () {","  var length = this.readShort();","  if (length < 0) {","    return null;","  }","  this.checkOffset(length);","  return this.read(length);","};","","/* returns an array with two elements */","FrameReader.prototype.readOption = function () {","  var id = this.readShort();","","  switch(id) {","    case 0x0000: ","        return [id, this.readString()];","    case 0x0001:","    case 0x0002:","    case 0x0003:","    case 0x0004:","    case 0x0005:","    case 0x0006:","    case 0x0007:","    case 0x0008:","    case 0x0009:","    case 0x000A:","    case 0x000B:","    case 0x000C:","    case 0x000D:","    case 0x000E:","    case 0x000F:","    case 0x0010:","        return [id, null];","    case 0x0020:","        return [id, this.readOption()];","    case 0x0021:","        return [id, [this.readOption(), this.readOption()]];","    case 0x0022:","        return [id, this.readOption()];","  }","","  return [id, null];","};","","/* returns an array of arrays */","FrameReader.prototype.readOptionList = function () {","  var num = this.readShort();","  var options = [];","  for(var i = 0; i < num; i++) {","      options.push(this.readOption());","  }","  return options;","};","","FrameReader.prototype.readInet = function () {","  //TODO","};","","FrameReader.prototype.readStringMap = function () {","  var num = this.readShort();","  var map = {};","  for(var i = 0; i < num; i++) {","      var key = this.readString();","      var value = this.readString();","      map[key] = value;","  }","  return map;","};","","FrameReader.prototype.readStringMultimap = function () {","  var num = this.readShort();","  var map = {};","  for(var i = 0; i < num; i++) {","      var key = this.readString();","      map[key] = this.readStringList();","  }","  return map;","};","","/**"," * Reads the metadata from a row or a prepared result response"," * @returns {Object}"," */","FrameReader.prototype.readMetadata = function() {","  var meta = {};","  //as used in Rows and Prepared responses","  var flags = this.readInt();","","  var columnCount = this.readInt();","","  if(flags & 0x0001) {","    //only one table spec is provided","    meta.global_tables_spec = true;","    meta.keyspace = this.readString();","    meta.table = this.readString();","  }","","  meta.columns = [];","","  for(var i = 0; i < columnCount; i++) {","    var spec = {};","    if(!meta.global_tables_spec) {","      spec.ksname = this.readString();","      spec.tablename = this.readString();","    }","","    spec.name = this.readString();","    spec.type = this.readOption();","    meta.columns.push(spec);","    //Store the column index by name, to be able to find the column by name","    meta.columns['_col_' + spec.name] = i;","  }","","  return meta;","};","","/**"," * Try to read a value, in case there is a RangeError (out of bounds) it returns null"," * @param method"," */","FrameReader.prototype.tryRead = function (method) {","  var value;","  try{","    value = method();","  }","  catch (e) {","    if (e instanceof RangeError) {","      return null;","    }","    throw e;","  }","","};","","/**"," * Reads the error from the frame"," * @throws {RangeError}"," * @returns {ResponseError}"," */","FrameReader.prototype.readError = function () {","  var code = this.readInt();","  var message = this.readString();","  //determine if the server is unhealthy","  //if true, the client should not retry for a while","  var isServerUnhealthy = false;","  switch (code) {","    case types.responseErrorCodes.serverError:","    case types.responseErrorCodes.overloaded:","    case types.responseErrorCodes.isBootstrapping:","      isServerUnhealthy = true;","      break;","  }","  return new ResponseError(code, message, isServerUnhealthy);","};","","function readEvent(data, emitter) {","  var reader = new FrameReader(data);","  var event = reader.readString();","  if(event === 'TOPOLOGY_CHANGE') {","    emitter.emit(event, reader.readString(), reader.readInet());","  }","  else if (event === 'STATUS_CHANGE') {","    emitter.emit(event, reader.readString(), reader.readInet());","  }","  else if (event === 'SCHEMA_CHANGE') {","    emitter.emit(event, reader.readString(), reader.readString(), reader.readString());","  }","  else {","    throw new Error('Unknown EVENT type: ' + event);","  }","}","","function ResponseError(code, message, isServerUnhealthy) {","  ResponseError.super_.call(this, message, this.constructor);","  this.code = code;","  this.isServerUnhealthy = isServerUnhealthy;","  this.info = 'Represents a error message from the server';","}","","util.inherits(ResponseError, types.DriverError);","","exports.readEvent = readEvent;","exports.FrameReader = FrameReader;"],"l":{"5":1,"6":1,"7":1,"12":1,"13":0,"14":0,"15":0,"16":0,"19":1,"20":0,"23":1,"24":0,"30":1,"31":0,"32":0,"34":0,"40":1,"41":0,"42":0,"44":0,"51":1,"52":0,"53":0,"54":0,"56":0,"57":0,"58":0,"64":1,"65":0,"68":1,"69":0,"70":0,"71":0,"74":1,"75":0,"76":0,"77":0,"80":1,"81":0,"82":0,"83":0,"86":1,"87":0,"88":0,"89":0,"90":0,"91":0,"97":1,"98":0,"99":0,"103":1,"104":0,"105":0,"106":0,"109":0,"111":0,"112":0,"115":0,"118":1,"119":0,"121":0,"123":0,"124":0,"127":0,"132":1,"133":0,"134":0,"135":0,"137":0,"139":0,"142":1,"143":0,"144":0,"145":0,"147":0,"148":0,"152":1,"153":0,"155":0,"157":0,"174":0,"176":0,"178":0,"180":0,"183":0,"187":1,"188":0,"189":0,"190":0,"191":0,"193":0,"196":1,"200":1,"201":0,"202":0,"203":0,"204":0,"205":0,"206":0,"208":0,"211":1,"212":0,"213":0,"214":0,"215":0,"216":0,"218":0,"225":1,"226":0,"228":0,"230":0,"232":0,"234":0,"235":0,"236":0,"239":0,"241":0,"242":0,"243":0,"244":0,"245":0,"248":0,"249":0,"250":0,"252":0,"255":0,"262":1,"263":0,"264":0,"265":0,"268":0,"269":0,"271":0,"281":1,"282":0,"283":0,"286":0,"287":0,"291":0,"292":0,"294":0,"297":1,"298":0,"299":0,"300":0,"301":0,"303":0,"304":0,"306":0,"307":0,"310":0,"314":1,"315":0,"316":0,"317":0,"318":0,"321":1,"323":1,"324":1}}}